17:39:25.795 INFO  SignIn.GenericMethods -Waiting for a max: 1 sec for the element to be clickable
17:39:25.976 INFO  SignIn.GenericMethods -Element clicked on the webpage
17:39:26.022 ERROR SignIn.GenericMethods -The element: By.xpath: //div[@class='errorMessage'] is NOT displayed.
17:39:26.049 INFO  SignIn.GenericMethods -THe text at locator: By.xpath: //div[@class='errorMessage'] is 
17:39:26.083 INFO  SignIn.GenericMethods -The field is cleared
17:39:26.085 INFO  SignIn.GenericMethods -Waiting for a max: 1 sec for the element to be send key
17:39:26.192 INFO  SignIn.GenericMethods -Value Entered in the place holder
17:39:26.192 INFO  SignIn.GenericMethods -Waiting for a max: 1 sec for the element to be clickable
17:39:26.510 INFO  SignIn.GenericMethods -Element clicked on the webpage
17:39:28.560 INFO  SignIn.GenericMethods -The element: By.xpath: //span[@class='errorMessage'] is displayed.
17:39:28.599 INFO  SignIn.GenericMethods -THe text at locator: By.xpath: //span[@class='errorMessage'] is Authentication Failed. Please check the pin.
17:40:28.865 INFO  SignIn.GenericMethods -Browser Window Maximized
17:40:34.421 INFO  SignIn.FlockSignIn -Opening the webclient
17:40:34.463 INFO  SignIn.GenericMethods -The title of the Page is: Flock
17:40:34.491 INFO  SignIn.GenericMethods -The Title is Correct
17:40:34.521 INFO  SignIn.GenericMethods -Switched to iframe by int : 0
17:40:34.525 INFO  SignIn.GenericMethods -Waiting for a max: 10 sec for the element to appear
17:40:34.615 INFO  SignIn.GenericMethods -The Element that you waited for is now displayed on the webpage
17:40:34.680 INFO  SignIn.GenericMethods -The element at loction: By.xpath: //div[@id='uniqName_15_0']//h2 is displayed
17:40:34.727 INFO  SignIn.GenericMethods -THe text at locator: By.xpath: //div[@id='uniqName_15_0']//h2 is Get started with Flock
17:40:34.763 INFO  SignIn.GenericMethods -The text: Get started with Flock displayed is correct
17:40:34.815 INFO  SignIn.GenericMethods -The element at loction: By.xpath: //div[@id='uniqName_15_0']//h5 is displayed
17:40:34.866 INFO  SignIn.GenericMethods -THe text at locator: By.xpath: //div[@id='uniqName_15_0']//h5 is Enter your official email address to continue
17:40:34.964 INFO  SignIn.GenericMethods -The text: Enter your official email address to continue displayed is correct
17:40:35.008 INFO  SignIn.GenericMethods -The element at loction: By.xpath: //input[@class='input'] is displayed
17:40:35.049 INFO  SignIn.GenericMethods -THe text at locator: By.xpath: //input[@class='input'] is 
17:40:35.083 INFO  SignIn.GenericMethods -The text:  displayed is correct
17:40:35.146 INFO  SignIn.GenericMethods -The element at loction: By.xpath: //a[@class='btn btn--action btn--block'] is displayed
17:40:35.190 INFO  SignIn.GenericMethods -THe text at locator: By.xpath: //a[@class='btn btn--action btn--block'] is Login or Create a Team
17:40:35.234 INFO  SignIn.GenericMethods -The text: Login or Create a Team displayed is correct
17:40:35.298 INFO  SignIn.GenericMethods -The element at loction: By.xpath: //span[@class='feedbackLinkSpan'] is displayed
17:40:35.343 INFO  SignIn.GenericMethods -THe text at locator: By.xpath: //span[@class='feedbackLinkSpan'] is Contact Support
17:40:35.387 INFO  SignIn.GenericMethods -The text: Contact Support displayed is correct
17:40:35.437 INFO  SignIn.GenericMethods -The element at loction: By.xpath: //div[@class='onboarding-sidebar'] is displayed
17:40:35.447 INFO  SignIn.GenericMethods -Waiting for a max: 1 sec for the element to be send key
17:40:35.591 INFO  SignIn.GenericMethods -Value Entered in the place holder
17:40:35.592 INFO  SignIn.GenericMethods -Waiting for a max: 1 sec for the element to be clickable
17:40:35.804 INFO  SignIn.GenericMethods -Element clicked on the webpage
17:40:35.859 INFO  SignIn.GenericMethods -The element: By.xpath: //div[@class='errorMessage'] is displayed.
17:40:35.905 INFO  SignIn.GenericMethods -THe text at locator: By.xpath: //div[@class='errorMessage'] is Enter a valid email address
17:40:35.961 INFO  SignIn.GenericMethods -The field is cleared
17:40:35.964 INFO  SignIn.GenericMethods -Waiting for a max: 1 sec for the element to be send key
17:40:36.088 INFO  SignIn.GenericMethods -Value Entered in the place holder
17:40:36.088 INFO  SignIn.GenericMethods -Waiting for a max: 1 sec for the element to be clickable
17:40:36.241 INFO  SignIn.GenericMethods -Element clicked on the webpage
17:40:36.271 INFO  SignIn.GenericMethods -The element: By.xpath: //div[@class='errorMessage'] is displayed.
17:40:36.300 INFO  SignIn.GenericMethods -THe text at locator: By.xpath: //div[@class='errorMessage'] is Enter a valid email address
17:40:36.331 INFO  SignIn.GenericMethods -The field is cleared
17:40:36.335 INFO  SignIn.GenericMethods -Waiting for a max: 1 sec for the element to be send key
17:40:36.456 INFO  SignIn.GenericMethods -Value Entered in the place holder
17:40:36.457 INFO  SignIn.GenericMethods -Waiting for a max: 1 sec for the element to be clickable
17:40:36.563 INFO  SignIn.GenericMethods -Element clicked on the webpage
17:40:36.593 INFO  SignIn.GenericMethods -The element: By.xpath: //div[@class='errorMessage'] is displayed.
17:40:36.616 INFO  SignIn.GenericMethods -THe text at locator: By.xpath: //div[@class='errorMessage'] is Enter a valid email address
17:40:36.647 INFO  SignIn.GenericMethods -The field is cleared
17:40:36.651 INFO  SignIn.GenericMethods -Waiting for a max: 1 sec for the element to be send key
17:40:36.816 INFO  SignIn.GenericMethods -Value Entered in the place holder
17:40:36.816 INFO  SignIn.GenericMethods -Waiting for a max: 1 sec for the element to be clickable
17:40:36.903 INFO  SignIn.GenericMethods -Element clicked on the webpage
17:40:36.913 INFO  SignIn.GenericMethods -Implicitly waiting for 10secs
17:40:36.914 INFO  SignIn.GenericMethods -Waiting for a max: 10 sec for the element to appear
17:40:38.056 INFO  SignIn.GenericMethods -The Element that you waited for is now displayed on the webpage
17:40:38.099 INFO  SignIn.GenericMethods -The element at loction: By.xpath: //div[@id='uniqName_17_0']//h2 is displayed
17:40:38.139 INFO  SignIn.GenericMethods -THe text at locator: By.xpath: //div[@id='uniqName_17_0']//h2 is directi.com uses
Google apps
17:40:38.176 ERROR SignIn.GenericMethods -The text: directi.com uses
Google apps displayed is not correct
17:40:38.221 INFO  SignIn.GenericMethods -The element at loction: By.xpath: //div[@id='uniqName_17_0']//h5 is displayed
17:40:38.262 INFO  SignIn.GenericMethods -THe text at locator: By.xpath: //div[@id='uniqName_17_0']//h5 is Connect with your Google account
directitester002@directi.com
17:40:38.301 ERROR SignIn.GenericMethods -The text: Connect with your Google account
directitester002@directi.com displayed is not correct
17:40:38.368 INFO  SignIn.GenericMethods -The element at loction: By.xpath: //a[@class='btn btn--block btn--google'] is displayed
17:40:38.430 INFO  SignIn.GenericMethods -THe text at locator: By.xpath: //a[@class='btn btn--block btn--google'] is Sign in with Google
17:40:38.485 INFO  SignIn.GenericMethods -The text: Sign in with Google displayed is correct
17:40:38.546 INFO  SignIn.GenericMethods -The element at loction: By.xpath: //a[@data-dojo-attach-event='onclick: _skipOAuth'] is displayed
17:40:38.595 INFO  SignIn.GenericMethods -THe text at locator: By.xpath: //a[@data-dojo-attach-event='onclick: _skipOAuth'] is Skip this step
17:40:38.628 INFO  SignIn.GenericMethods -The text: Skip this step displayed is correct
17:40:38.683 INFO  SignIn.GenericMethods -The element at loction: By.xpath: //div[@class='google-auth-blurb'] is displayed
17:40:38.736 INFO  SignIn.GenericMethods -THe text at locator: By.xpath: //div[@class='google-auth-blurb'] is Why sign in with Google?
100% secure, easy and quick sign up
Discover and add your colleagues
17:40:38.778 ERROR SignIn.GenericMethods -The text: Why sign in with Google?
100% secure, easy and quick sign up
Discover and add your colleagues displayed is not correct
17:40:38.780 INFO  SignIn.GenericMethods -Waiting for a max: 2 sec for the element to be clickable
17:40:38.977 INFO  SignIn.GenericMethods -Element clicked on the webpage
17:40:38.986 INFO  SignIn.GenericMethods -Implicitly waiting for 10secs
17:40:38.986 INFO  SignIn.GenericMethods -Waiting for a max: 10 sec for the element to appear
17:40:39.052 INFO  SignIn.GenericMethods -The Element that you waited for is now displayed on the webpage
17:40:39.111 INFO  SignIn.GenericMethods -The element at loction: By.xpath: //div[@id='uniqName_16_0']//h2 is displayed
17:40:39.149 INFO  SignIn.GenericMethods -THe text at locator: By.xpath: //div[@id='uniqName_16_0']//h2 is Please verify your email
17:40:39.188 INFO  SignIn.GenericMethods -The text: Please verify your email displayed is correct
17:40:39.247 INFO  SignIn.GenericMethods -The element at loction: By.xpath: //div[@id='uniqName_16_0']//h5 is displayed
17:40:39.318 INFO  SignIn.GenericMethods -THe text at locator: By.xpath: //div[@id='uniqName_16_0']//h5 is We've sent you a six digit verification PIN at
"directitester002@directi.com" Edit
17:40:39.363 ERROR SignIn.GenericMethods -The text: We've sent you a six digit verification PIN at
"directitester002@directi.com" Edit displayed is not correct
17:40:39.405 INFO  SignIn.GenericMethods -The element at loction: By.xpath: //input[@class='input'] is displayed
17:40:39.482 INFO  SignIn.GenericMethods -THe text at locator: By.xpath: //input[@class='input'] is 
17:40:39.534 INFO  SignIn.GenericMethods -The text:  displayed is correct
17:40:39.602 INFO  SignIn.GenericMethods -The element at loction: By.xpath: //div[@id='uniqName_16_0']//div[2]/span is displayed
17:40:39.663 INFO  SignIn.GenericMethods -THe text at locator: By.xpath: //div[@id='uniqName_16_0']//div[2]/span is Didn't receive the pin?
17:40:39.751 INFO  SignIn.GenericMethods -The text: Didn't receive the pin? displayed is correct
17:40:39.812 INFO  SignIn.GenericMethods -The element at loction: By.xpath: //a[@data-dojo-attach-event='onclick: _resend'] is displayed
17:40:39.862 INFO  SignIn.GenericMethods -THe text at locator: By.xpath: //a[@data-dojo-attach-event='onclick: _resend'] is Resend PIN
17:40:39.914 INFO  SignIn.GenericMethods -The text: Resend PIN displayed is correct
17:40:39.924 INFO  SignIn.GenericMethods -Waiting for a max: 2 sec for the element to be clickable
17:40:40.191 INFO  SignIn.GenericMethods -Element clicked on the webpage
17:40:40.231 INFO  SignIn.GenericMethods -The element at loction: By.xpath: //div[@class='resend-status'] is displayed
17:40:40.275 INFO  SignIn.GenericMethods -THe text at locator: By.xpath: //div[@class='resend-status'] is 
17:40:40.310 INFO  SignIn.GenericMethods -The text:  displayed is correct
17:40:40.333 INFO  SignIn.GenericMethods -The element at loction: By.xpath: //a[@class='btn btn--action btn--block'] is displayed
17:40:40.374 INFO  SignIn.GenericMethods -THe text at locator: By.xpath: //a[@class='btn btn--action btn--block'] is Verify
17:40:40.420 INFO  SignIn.GenericMethods -The text: Verify displayed is correct
17:40:40.424 INFO  SignIn.GenericMethods -Waiting for a max: 1 sec for the element to be send key
17:40:40.540 INFO  SignIn.GenericMethods -Value Entered in the place holder
17:40:42.540 INFO  SignIn.GenericMethods -Waiting for a max: 1 sec for the element to be clickable
17:40:42.714 INFO  SignIn.GenericMethods -Element clicked on the webpage
17:40:42.751 INFO  SignIn.GenericMethods -The element: By.xpath: //div[@class='errorMessage'] is displayed.
17:40:42.788 INFO  SignIn.GenericMethods -THe text at locator: By.xpath: //div[@class='errorMessage'] is Enter verification PIN
17:40:42.836 INFO  SignIn.GenericMethods -The field is cleared
17:40:42.841 INFO  SignIn.GenericMethods -Waiting for a max: 1 sec for the element to be send key
17:40:42.902 INFO  SignIn.GenericMethods -Value Entered in the place holder
17:40:44.903 INFO  SignIn.GenericMethods -Waiting for a max: 1 sec for the element to be clickable
17:40:45.067 INFO  SignIn.GenericMethods -Element clicked on the webpage
17:40:45.101 INFO  SignIn.GenericMethods -The element: By.xpath: //div[@class='errorMessage'] is displayed.
17:40:45.135 INFO  SignIn.GenericMethods -THe text at locator: By.xpath: //div[@class='errorMessage'] is Enter verification PIN
17:40:45.162 INFO  SignIn.GenericMethods -The field is cleared
17:40:45.164 INFO  SignIn.GenericMethods -Waiting for a max: 1 sec for the element to be send key
17:40:45.244 INFO  SignIn.GenericMethods -Value Entered in the place holder
17:40:47.244 INFO  SignIn.GenericMethods -Waiting for a max: 1 sec for the element to be clickable
17:40:47.338 INFO  SignIn.GenericMethods -Element clicked on the webpage
17:40:47.385 ERROR SignIn.GenericMethods -The element: By.xpath: //div[@class='errorMessage'] is NOT displayed.
17:40:47.453 INFO  SignIn.GenericMethods -THe text at locator: By.xpath: //div[@class='errorMessage'] is 
17:40:47.511 INFO  SignIn.GenericMethods -The field is cleared
17:40:47.514 INFO  SignIn.GenericMethods -Waiting for a max: 1 sec for the element to be send key
17:40:47.718 INFO  SignIn.GenericMethods -Value Entered in the place holder
17:40:47.719 INFO  SignIn.GenericMethods -Waiting for a max: 1 sec for the element to be clickable
17:40:47.912 INFO  SignIn.GenericMethods -Element clicked on the webpage
17:40:49.968 INFO  SignIn.GenericMethods -The element: By.xpath: //span[@class='errorMessage'] is displayed.
17:40:50.024 INFO  SignIn.GenericMethods -THe text at locator: By.xpath: //span[@class='errorMessage'] is Authentication Failed. Please check the pin.
17:42:21.201 INFO  SignIn.GenericMethods -Browser Window Maximized
17:42:25.982 INFO  SignIn.FlockSignIn -Opening the webclient
17:42:26.022 INFO  SignIn.GenericMethods -The title of the Page is: Flock
17:42:26.040 INFO  SignIn.GenericMethods -The Title is Correct
17:42:26.067 INFO  SignIn.GenericMethods -Switched to iframe by int : 0
17:42:26.072 INFO  SignIn.GenericMethods -Waiting for a max: 10 sec for the element to appear
17:42:26.147 INFO  SignIn.GenericMethods -The Element that you waited for is now displayed on the webpage
17:42:26.201 INFO  SignIn.GenericMethods -The element at loction: By.xpath: //div[@id='uniqName_15_0']//h2 is displayed
17:42:26.257 INFO  SignIn.GenericMethods -THe text at locator: By.xpath: //div[@id='uniqName_15_0']//h2 is Get started with Flock
17:42:26.305 INFO  SignIn.GenericMethods -The text: Get started with Flock displayed is correct
17:42:26.357 INFO  SignIn.GenericMethods -The element at loction: By.xpath: //div[@id='uniqName_15_0']//h5 is displayed
17:42:26.404 INFO  SignIn.GenericMethods -THe text at locator: By.xpath: //div[@id='uniqName_15_0']//h5 is Enter your official email address to continue
17:42:26.455 INFO  SignIn.GenericMethods -The text: Enter your official email address to continue displayed is correct
17:42:26.520 INFO  SignIn.GenericMethods -The element at loction: By.xpath: //input[@class='input'] is displayed
17:42:26.573 INFO  SignIn.GenericMethods -THe text at locator: By.xpath: //input[@class='input'] is 
17:42:26.606 INFO  SignIn.GenericMethods -The text:  displayed is correct
17:42:26.663 INFO  SignIn.GenericMethods -The element at loction: By.xpath: //a[@class='btn btn--action btn--block'] is displayed
17:42:26.718 INFO  SignIn.GenericMethods -THe text at locator: By.xpath: //a[@class='btn btn--action btn--block'] is Login or Create a Team
17:42:26.773 INFO  SignIn.GenericMethods -The text: Login or Create a Team displayed is correct
17:42:26.825 INFO  SignIn.GenericMethods -The element at loction: By.xpath: //span[@class='feedbackLinkSpan'] is displayed
17:42:26.873 INFO  SignIn.GenericMethods -THe text at locator: By.xpath: //span[@class='feedbackLinkSpan'] is Contact Support
17:42:26.916 INFO  SignIn.GenericMethods -The text: Contact Support displayed is correct
17:42:26.968 INFO  SignIn.GenericMethods -The element at loction: By.xpath: //div[@class='onboarding-sidebar'] is displayed
17:42:26.978 INFO  SignIn.GenericMethods -Waiting for a max: 1 sec for the element to be send key
17:42:27.093 INFO  SignIn.GenericMethods -Value Entered in the place holder
17:42:27.093 INFO  SignIn.GenericMethods -Waiting for a max: 1 sec for the element to be clickable
17:42:27.308 INFO  SignIn.GenericMethods -Element clicked on the webpage
17:42:27.367 INFO  SignIn.GenericMethods -The element: By.xpath: //div[@class='errorMessage'] is displayed.
17:42:27.436 INFO  SignIn.GenericMethods -THe text at locator: By.xpath: //div[@class='errorMessage'] is Enter a valid email address
17:42:27.516 INFO  SignIn.GenericMethods -The field is cleared
17:42:27.519 INFO  SignIn.GenericMethods -Waiting for a max: 1 sec for the element to be send key
17:42:27.648 INFO  SignIn.GenericMethods -Value Entered in the place holder
17:42:27.648 INFO  SignIn.GenericMethods -Waiting for a max: 1 sec for the element to be clickable
17:42:27.780 INFO  SignIn.GenericMethods -Element clicked on the webpage
17:42:27.806 INFO  SignIn.GenericMethods -The element: By.xpath: //div[@class='errorMessage'] is displayed.
17:42:27.831 INFO  SignIn.GenericMethods -THe text at locator: By.xpath: //div[@class='errorMessage'] is Enter a valid email address
17:42:27.857 INFO  SignIn.GenericMethods -The field is cleared
17:42:27.860 INFO  SignIn.GenericMethods -Waiting for a max: 1 sec for the element to be send key
17:42:27.984 INFO  SignIn.GenericMethods -Value Entered in the place holder
17:42:27.985 INFO  SignIn.GenericMethods -Waiting for a max: 1 sec for the element to be clickable
17:42:28.067 INFO  SignIn.GenericMethods -Element clicked on the webpage
17:42:28.097 INFO  SignIn.GenericMethods -The element: By.xpath: //div[@class='errorMessage'] is displayed.
17:42:28.122 INFO  SignIn.GenericMethods -THe text at locator: By.xpath: //div[@class='errorMessage'] is Enter a valid email address
17:42:28.152 INFO  SignIn.GenericMethods -The field is cleared
17:42:28.155 INFO  SignIn.GenericMethods -Waiting for a max: 1 sec for the element to be send key
17:42:28.322 INFO  SignIn.GenericMethods -Value Entered in the place holder
17:42:28.323 INFO  SignIn.GenericMethods -Waiting for a max: 1 sec for the element to be clickable
17:42:28.420 INFO  SignIn.GenericMethods -Element clicked on the webpage
17:42:28.434 INFO  SignIn.GenericMethods -Implicitly waiting for 10secs
17:42:28.434 INFO  SignIn.GenericMethods -Waiting for a max: 10 sec for the element to appear
17:42:29.581 INFO  SignIn.GenericMethods -The Element that you waited for is now displayed on the webpage
17:42:29.629 INFO  SignIn.GenericMethods -The element at loction: By.xpath: //div[@id='uniqName_17_0']//h2 is displayed
17:42:29.668 INFO  SignIn.GenericMethods -THe text at locator: By.xpath: //div[@id='uniqName_17_0']//h2 is directi.com uses
Google apps
17:42:29.706 ERROR SignIn.GenericMethods -The text: directi.com uses
Google apps displayed is not correct
17:42:29.747 INFO  SignIn.GenericMethods -The element at loction: By.xpath: //div[@id='uniqName_17_0']//h5 is displayed
17:42:29.797 INFO  SignIn.GenericMethods -THe text at locator: By.xpath: //div[@id='uniqName_17_0']//h5 is Connect with your Google account
directitester002@directi.com
17:42:29.839 ERROR SignIn.GenericMethods -The text: Connect with your Google account
directitester002@directi.com displayed is not correct
17:42:29.908 INFO  SignIn.GenericMethods -The element at loction: By.xpath: //a[@class='btn btn--block btn--google'] is displayed
17:42:29.955 INFO  SignIn.GenericMethods -THe text at locator: By.xpath: //a[@class='btn btn--block btn--google'] is Sign in with Google
17:42:29.999 INFO  SignIn.GenericMethods -The text: Sign in with Google displayed is correct
17:42:30.072 INFO  SignIn.GenericMethods -The element at loction: By.xpath: //a[@data-dojo-attach-event='onclick: _skipOAuth'] is displayed
17:42:30.116 INFO  SignIn.GenericMethods -THe text at locator: By.xpath: //a[@data-dojo-attach-event='onclick: _skipOAuth'] is Skip this step
17:42:30.150 INFO  SignIn.GenericMethods -The text: Skip this step displayed is correct
17:42:30.205 INFO  SignIn.GenericMethods -The element at loction: By.xpath: //div[@class='google-auth-blurb'] is displayed
17:42:30.256 INFO  SignIn.GenericMethods -THe text at locator: By.xpath: //div[@class='google-auth-blurb'] is Why sign in with Google?
100% secure, easy and quick sign up
Discover and add your colleagues
17:42:30.298 ERROR SignIn.GenericMethods -The text: Why sign in with Google?
100% secure, easy and quick sign up
Discover and add your colleagues displayed is not correct
17:42:30.300 INFO  SignIn.GenericMethods -Waiting for a max: 2 sec for the element to be clickable
17:42:30.512 INFO  SignIn.GenericMethods -Element clicked on the webpage
17:42:30.520 INFO  SignIn.GenericMethods -Implicitly waiting for 10secs
17:42:30.520 INFO  SignIn.GenericMethods -Waiting for a max: 10 sec for the element to appear
17:42:30.575 INFO  SignIn.GenericMethods -The Element that you waited for is now displayed on the webpage
17:42:30.618 INFO  SignIn.GenericMethods -The element at loction: By.xpath: //div[@id='uniqName_16_0']//h2 is displayed
17:42:30.671 INFO  SignIn.GenericMethods -THe text at locator: By.xpath: //div[@id='uniqName_16_0']//h2 is Please verify your email
17:42:30.724 INFO  SignIn.GenericMethods -The text: Please verify your email displayed is correct
17:42:30.762 INFO  SignIn.GenericMethods -The element at loction: By.xpath: //div[@id='uniqName_16_0']//h5 is displayed
17:42:30.804 INFO  SignIn.GenericMethods -THe text at locator: By.xpath: //div[@id='uniqName_16_0']//h5 is We've sent you a six digit verification PIN at
"directitester002@directi.com" Edit
17:42:30.836 ERROR SignIn.GenericMethods -The text: We've sent you a six digit verification PIN at
"directitester002@directi.com" Edit displayed is not correct
17:42:30.863 INFO  SignIn.GenericMethods -The element at loction: By.xpath: //input[@class='input'] is displayed
17:42:30.905 INFO  SignIn.GenericMethods -THe text at locator: By.xpath: //input[@class='input'] is 
17:42:30.936 INFO  SignIn.GenericMethods -The text:  displayed is correct
17:42:30.981 INFO  SignIn.GenericMethods -The element at loction: By.xpath: //div[@id='uniqName_16_0']//div[2]/span is displayed
17:42:31.033 INFO  SignIn.GenericMethods -THe text at locator: By.xpath: //div[@id='uniqName_16_0']//div[2]/span is Didn't receive the pin?
17:42:31.081 INFO  SignIn.GenericMethods -The text: Didn't receive the pin? displayed is correct
17:42:31.138 INFO  SignIn.GenericMethods -The element at loction: By.xpath: //a[@data-dojo-attach-event='onclick: _resend'] is displayed
17:42:31.179 INFO  SignIn.GenericMethods -THe text at locator: By.xpath: //a[@data-dojo-attach-event='onclick: _resend'] is Resend PIN
17:42:31.217 INFO  SignIn.GenericMethods -The text: Resend PIN displayed is correct
17:42:31.221 INFO  SignIn.GenericMethods -Waiting for a max: 2 sec for the element to be clickable
17:42:31.419 INFO  SignIn.GenericMethods -Element clicked on the webpage
17:42:31.465 INFO  SignIn.GenericMethods -The element at loction: By.xpath: //div[@class='resend-status'] is displayed
17:42:31.506 INFO  SignIn.GenericMethods -THe text at locator: By.xpath: //div[@class='resend-status'] is 
17:42:31.541 INFO  SignIn.GenericMethods -The text:  displayed is correct
17:42:31.569 INFO  SignIn.GenericMethods -The element at loction: By.xpath: //a[@class='btn btn--action btn--block'] is displayed
17:42:31.612 INFO  SignIn.GenericMethods -THe text at locator: By.xpath: //a[@class='btn btn--action btn--block'] is Verify
17:42:31.651 INFO  SignIn.GenericMethods -The text: Verify displayed is correct
17:42:31.654 INFO  SignIn.GenericMethods -Waiting for a max: 1 sec for the element to be send key
17:42:31.754 INFO  SignIn.GenericMethods -Value Entered in the place holder
17:42:33.755 INFO  SignIn.GenericMethods -Waiting for a max: 1 sec for the element to be clickable
17:42:33.948 INFO  SignIn.GenericMethods -Element clicked on the webpage
17:42:33.984 INFO  SignIn.GenericMethods -The element: By.xpath: //div[@class='errorMessage'] is displayed.
17:42:34.024 INFO  SignIn.GenericMethods -THe text at locator: By.xpath: //div[@class='errorMessage'] is Enter verification PIN
17:42:34.069 INFO  SignIn.GenericMethods -The field is cleared
17:42:34.073 INFO  SignIn.GenericMethods -Waiting for a max: 1 sec for the element to be send key
17:42:34.151 INFO  SignIn.GenericMethods -Value Entered in the place holder
17:42:36.153 INFO  SignIn.GenericMethods -Waiting for a max: 1 sec for the element to be clickable
17:42:36.287 INFO  SignIn.GenericMethods -Element clicked on the webpage
17:42:36.315 INFO  SignIn.GenericMethods -The element: By.xpath: //div[@class='errorMessage'] is displayed.
17:42:36.339 INFO  SignIn.GenericMethods -THe text at locator: By.xpath: //div[@class='errorMessage'] is Enter verification PIN
17:42:36.366 INFO  SignIn.GenericMethods -The field is cleared
17:42:36.368 INFO  SignIn.GenericMethods -Waiting for a max: 1 sec for the element to be send key
17:42:36.469 INFO  SignIn.GenericMethods -Value Entered in the place holder
17:42:38.470 INFO  SignIn.GenericMethods -Waiting for a max: 1 sec for the element to be clickable
17:42:38.558 INFO  SignIn.GenericMethods -Element clicked on the webpage
17:42:38.588 ERROR SignIn.GenericMethods -The element: By.xpath: //div[@class='errorMessage'] is NOT displayed.
17:42:38.618 INFO  SignIn.GenericMethods -THe text at locator: By.xpath: //div[@class='errorMessage'] is 
17:42:38.648 INFO  SignIn.GenericMethods -The field is cleared
17:42:38.660 INFO  SignIn.GenericMethods -Waiting for a max: 1 sec for the element to be send key
17:42:38.803 INFO  SignIn.GenericMethods -Value Entered in the place holder
17:42:38.803 INFO  SignIn.GenericMethods -Waiting for a max: 1 sec for the element to be clickable
17:42:39.134 INFO  SignIn.GenericMethods -Element clicked on the webpage
17:42:41.218 INFO  SignIn.GenericMethods -The element: By.xpath: //span[@class='errorMessage'] is displayed.
17:42:41.264 INFO  SignIn.GenericMethods -THe text at locator: By.xpath: //span[@class='errorMessage'] is Authentication Failed. Please check the pin.
17:42:41.291 INFO  SignIn.GenericMethods -The field is cleared
17:48:08.543 INFO  SignIn.GenericMethods -Browser Window Maximized
17:48:19.289 INFO  SignIn.FlockSignIn -Opening the webclient
17:48:19.350 INFO  SignIn.GenericMethods -The title of the Page is: Flock
17:48:19.383 INFO  SignIn.GenericMethods -The Title is Correct
17:48:19.436 INFO  SignIn.GenericMethods -Switched to iframe by int : 0
17:48:19.442 INFO  SignIn.GenericMethods -Waiting for a max: 10 sec for the element to appear
17:48:22.808 INFO  SignIn.GenericMethods -The Element that you waited for is now displayed on the webpage
17:48:22.896 INFO  SignIn.GenericMethods -The element at loction: By.xpath: //div[@id='uniqName_15_0']//h2 is displayed
17:48:22.989 INFO  SignIn.GenericMethods -THe text at locator: By.xpath: //div[@id='uniqName_15_0']//h2 is Get started with Flock
17:48:23.044 INFO  SignIn.GenericMethods -The text: Get started with Flock displayed is correct
17:48:23.111 INFO  SignIn.GenericMethods -The element at loction: By.xpath: //div[@id='uniqName_15_0']//h5 is displayed
17:48:23.192 INFO  SignIn.GenericMethods -THe text at locator: By.xpath: //div[@id='uniqName_15_0']//h5 is Enter your official email address to continue
17:48:23.271 INFO  SignIn.GenericMethods -The text: Enter your official email address to continue displayed is correct
17:48:23.343 INFO  SignIn.GenericMethods -The element at loction: By.xpath: //input[@class='input'] is displayed
17:48:23.440 INFO  SignIn.GenericMethods -THe text at locator: By.xpath: //input[@class='input'] is 
17:48:23.505 INFO  SignIn.GenericMethods -The text:  displayed is correct
17:48:23.605 INFO  SignIn.GenericMethods -The element at loction: By.xpath: //a[@class='btn btn--action btn--block'] is displayed
17:48:23.686 INFO  SignIn.GenericMethods -THe text at locator: By.xpath: //a[@class='btn btn--action btn--block'] is Login or Create a Team
17:48:23.759 INFO  SignIn.GenericMethods -The text: Login or Create a Team displayed is correct
17:48:23.832 INFO  SignIn.GenericMethods -The element at loction: By.xpath: //span[@class='feedbackLinkSpan'] is displayed
17:48:23.898 INFO  SignIn.GenericMethods -THe text at locator: By.xpath: //span[@class='feedbackLinkSpan'] is Contact Support
17:48:23.941 INFO  SignIn.GenericMethods -The text: Contact Support displayed is correct
17:48:24.024 INFO  SignIn.GenericMethods -The element at loction: By.xpath: //div[@class='onboarding-sidebar'] is displayed
17:48:24.036 INFO  SignIn.GenericMethods -Waiting for a max: 1 sec for the element to be send key
17:48:24.238 INFO  SignIn.GenericMethods -Value Entered in the place holder
17:48:24.239 INFO  SignIn.GenericMethods -Waiting for a max: 1 sec for the element to be clickable
17:48:24.518 INFO  SignIn.GenericMethods -Element clicked on the webpage
17:48:24.600 INFO  SignIn.GenericMethods -The element: By.xpath: //div[@class='errorMessage'] is displayed.
17:48:24.654 INFO  SignIn.GenericMethods -THe text at locator: By.xpath: //div[@class='errorMessage'] is Enter a valid email address
17:48:24.760 INFO  SignIn.GenericMethods -The field is cleared
17:48:24.765 INFO  SignIn.GenericMethods -Waiting for a max: 1 sec for the element to be send key
17:48:24.903 INFO  SignIn.GenericMethods -Value Entered in the place holder
17:48:24.903 INFO  SignIn.GenericMethods -Waiting for a max: 1 sec for the element to be clickable
17:48:25.072 INFO  SignIn.GenericMethods -Element clicked on the webpage
17:48:25.113 INFO  SignIn.GenericMethods -The element: By.xpath: //div[@class='errorMessage'] is displayed.
17:48:25.148 INFO  SignIn.GenericMethods -THe text at locator: By.xpath: //div[@class='errorMessage'] is Enter a valid email address
17:48:25.185 INFO  SignIn.GenericMethods -The field is cleared
17:48:25.188 INFO  SignIn.GenericMethods -Waiting for a max: 1 sec for the element to be send key
17:48:25.492 INFO  SignIn.GenericMethods -Value Entered in the place holder
17:48:25.492 INFO  SignIn.GenericMethods -Waiting for a max: 1 sec for the element to be clickable
17:48:25.710 INFO  SignIn.GenericMethods -Element clicked on the webpage
17:48:25.761 INFO  SignIn.GenericMethods -The element: By.xpath: //div[@class='errorMessage'] is displayed.
17:48:25.814 INFO  SignIn.GenericMethods -THe text at locator: By.xpath: //div[@class='errorMessage'] is Enter a valid email address
17:48:25.863 INFO  SignIn.GenericMethods -The field is cleared
17:48:25.865 INFO  SignIn.GenericMethods -Waiting for a max: 1 sec for the element to be send key
17:48:26.200 INFO  SignIn.GenericMethods -Value Entered in the place holder
17:48:26.201 INFO  SignIn.GenericMethods -Waiting for a max: 1 sec for the element to be clickable
17:48:26.343 INFO  SignIn.GenericMethods -Element clicked on the webpage
17:48:26.352 INFO  SignIn.GenericMethods -Implicitly waiting for 10secs
17:48:26.352 INFO  SignIn.GenericMethods -Waiting for a max: 10 sec for the element to appear
17:48:27.682 INFO  SignIn.GenericMethods -The Element that you waited for is now displayed on the webpage
17:48:27.770 INFO  SignIn.GenericMethods -The element at loction: By.xpath: //div[@id='uniqName_17_0']//h2 is displayed
17:48:27.857 INFO  SignIn.GenericMethods -THe text at locator: By.xpath: //div[@id='uniqName_17_0']//h2 is directi.com uses
Google apps
17:48:27.928 ERROR SignIn.GenericMethods -The text: directi.com uses
Google apps displayed is not correct
17:48:28.022 INFO  SignIn.GenericMethods -The element at loction: By.xpath: //div[@id='uniqName_17_0']//h5 is displayed
17:48:28.091 INFO  SignIn.GenericMethods -THe text at locator: By.xpath: //div[@id='uniqName_17_0']//h5 is Connect with your Google account
directitester002@directi.com
17:48:28.173 ERROR SignIn.GenericMethods -The text: Connect with your Google account
directitester002@directi.com displayed is not correct
17:48:28.281 INFO  SignIn.GenericMethods -The element at loction: By.xpath: //a[@class='btn btn--block btn--google'] is displayed
17:48:28.341 INFO  SignIn.GenericMethods -THe text at locator: By.xpath: //a[@class='btn btn--block btn--google'] is Sign in with Google
17:48:28.390 INFO  SignIn.GenericMethods -The text: Sign in with Google displayed is correct
17:48:28.478 INFO  SignIn.GenericMethods -The element at loction: By.xpath: //a[@data-dojo-attach-event='onclick: _skipOAuth'] is displayed
17:48:28.542 INFO  SignIn.GenericMethods -THe text at locator: By.xpath: //a[@data-dojo-attach-event='onclick: _skipOAuth'] is Skip this step
17:48:28.583 INFO  SignIn.GenericMethods -The text: Skip this step displayed is correct
17:48:28.690 INFO  SignIn.GenericMethods -The element at loction: By.xpath: //div[@class='google-auth-blurb'] is displayed
17:48:28.747 INFO  SignIn.GenericMethods -THe text at locator: By.xpath: //div[@class='google-auth-blurb'] is Why sign in with Google?
100% secure, easy and quick sign up
Discover and add your colleagues
17:48:28.823 ERROR SignIn.GenericMethods -The text: Why sign in with Google?
100% secure, easy and quick sign up
Discover and add your colleagues displayed is not correct
17:48:28.826 INFO  SignIn.GenericMethods -Waiting for a max: 2 sec for the element to be clickable
17:48:29.069 INFO  SignIn.GenericMethods -Element clicked on the webpage
17:48:29.078 INFO  SignIn.GenericMethods -Implicitly waiting for 10secs
17:48:29.079 INFO  SignIn.GenericMethods -Waiting for a max: 10 sec for the element to appear
17:48:29.171 INFO  SignIn.GenericMethods -The Element that you waited for is now displayed on the webpage
17:48:29.225 INFO  SignIn.GenericMethods -The element at loction: By.xpath: //div[@id='uniqName_16_0']//h2 is displayed
17:48:29.319 INFO  SignIn.GenericMethods -THe text at locator: By.xpath: //div[@id='uniqName_16_0']//h2 is Please verify your email
17:48:29.434 INFO  SignIn.GenericMethods -The text: Please verify your email displayed is correct
17:48:29.554 INFO  SignIn.GenericMethods -The element at loction: By.xpath: //div[@id='uniqName_16_0']//h5 is displayed
17:48:29.614 INFO  SignIn.GenericMethods -THe text at locator: By.xpath: //div[@id='uniqName_16_0']//h5 is We've sent you a six digit verification PIN at
"directitester002@directi.com" Edit
17:48:29.658 ERROR SignIn.GenericMethods -The text: We've sent you a six digit verification PIN at
"directitester002@directi.com" Edit displayed is not correct
17:48:29.702 INFO  SignIn.GenericMethods -The element at loction: By.xpath: //input[@class='input'] is displayed
17:48:29.751 INFO  SignIn.GenericMethods -THe text at locator: By.xpath: //input[@class='input'] is 
17:48:29.812 INFO  SignIn.GenericMethods -The text:  displayed is correct
17:48:29.855 INFO  SignIn.GenericMethods -The element at loction: By.xpath: //div[@id='uniqName_16_0']//div[2]/span is displayed
17:48:29.906 INFO  SignIn.GenericMethods -THe text at locator: By.xpath: //div[@id='uniqName_16_0']//div[2]/span is Didn't receive the pin?
17:48:29.951 INFO  SignIn.GenericMethods -The text: Didn't receive the pin? displayed is correct
17:48:30.011 INFO  SignIn.GenericMethods -The element at loction: By.xpath: //a[@data-dojo-attach-event='onclick: _resend'] is displayed
17:48:30.061 INFO  SignIn.GenericMethods -THe text at locator: By.xpath: //a[@data-dojo-attach-event='onclick: _resend'] is Resend PIN
17:48:30.121 INFO  SignIn.GenericMethods -The text: Resend PIN displayed is correct
17:48:30.124 INFO  SignIn.GenericMethods -Waiting for a max: 2 sec for the element to be clickable
17:48:30.423 INFO  SignIn.GenericMethods -Element clicked on the webpage
17:48:30.491 INFO  SignIn.GenericMethods -The element at loction: By.xpath: //div[@class='resend-status'] is displayed
17:48:30.548 INFO  SignIn.GenericMethods -THe text at locator: By.xpath: //div[@class='resend-status'] is 
17:48:30.616 INFO  SignIn.GenericMethods -The text:  displayed is correct
17:48:30.670 INFO  SignIn.GenericMethods -The element at loction: By.xpath: //a[@class='btn btn--action btn--block'] is displayed
17:48:30.744 INFO  SignIn.GenericMethods -THe text at locator: By.xpath: //a[@class='btn btn--action btn--block'] is Verify
17:48:30.850 INFO  SignIn.GenericMethods -The text: Verify displayed is correct
17:48:30.854 INFO  SignIn.GenericMethods -Waiting for a max: 1 sec for the element to be send key
17:48:30.991 INFO  SignIn.GenericMethods -Value Entered in the place holder
17:48:32.993 INFO  SignIn.GenericMethods -Waiting for a max: 1 sec for the element to be clickable
17:48:33.288 INFO  SignIn.GenericMethods -Element clicked on the webpage
17:48:33.340 INFO  SignIn.GenericMethods -The element: By.xpath: //div[@class='errorMessage'] is displayed.
17:48:33.416 INFO  SignIn.GenericMethods -THe text at locator: By.xpath: //div[@class='errorMessage'] is Enter verification PIN
17:48:33.508 INFO  SignIn.GenericMethods -The field is cleared
17:48:33.511 INFO  SignIn.GenericMethods -Waiting for a max: 1 sec for the element to be send key
17:48:33.697 INFO  SignIn.GenericMethods -Value Entered in the place holder
17:48:35.698 INFO  SignIn.GenericMethods -Waiting for a max: 1 sec for the element to be clickable
17:48:35.853 INFO  SignIn.GenericMethods -Element clicked on the webpage
17:48:35.884 INFO  SignIn.GenericMethods -The element: By.xpath: //div[@class='errorMessage'] is displayed.
17:48:35.917 INFO  SignIn.GenericMethods -THe text at locator: By.xpath: //div[@class='errorMessage'] is Enter verification PIN
17:48:35.941 INFO  SignIn.GenericMethods -The field is cleared
17:48:35.944 INFO  SignIn.GenericMethods -Waiting for a max: 1 sec for the element to be send key
17:48:36.035 INFO  SignIn.GenericMethods -Value Entered in the place holder
17:48:38.036 INFO  SignIn.GenericMethods -Waiting for a max: 1 sec for the element to be clickable
17:48:38.133 INFO  SignIn.GenericMethods -Element clicked on the webpage
17:48:38.169 ERROR SignIn.GenericMethods -The element: By.xpath: //div[@class='errorMessage'] is NOT displayed.
17:48:38.219 INFO  SignIn.GenericMethods -THe text at locator: By.xpath: //div[@class='errorMessage'] is 
17:48:38.278 INFO  SignIn.GenericMethods -The field is cleared
17:48:38.281 INFO  SignIn.GenericMethods -Waiting for a max: 1 sec for the element to be send key
17:48:38.410 INFO  SignIn.GenericMethods -Value Entered in the place holder
17:48:38.411 INFO  SignIn.GenericMethods -Waiting for a max: 1 sec for the element to be clickable
17:48:38.697 INFO  SignIn.GenericMethods -Element clicked on the webpage
17:48:40.756 INFO  SignIn.GenericMethods -The element: By.xpath: //span[@class='errorMessage'] is displayed.
17:48:40.822 INFO  SignIn.GenericMethods -THe text at locator: By.xpath: //span[@class='errorMessage'] is Authentication Failed. Please check the pin.
17:48:40.871 INFO  SignIn.GenericMethods -The field is cleared
17:48:40.873 INFO  SignIn.GenericMethods -Waiting for a max: 1 sec for the element to be send key
17:48:41.022 INFO  SignIn.GenericMethods -Value Entered in the place holder
17:48:41.022 INFO  SignIn.GenericMethods -Waiting for a max: 1 sec for the element to be clickable
17:48:41.160 INFO  SignIn.GenericMethods -Element clicked on the webpage
17:49:12.764 INFO  SignIn.GenericMethods -Browser Window Maximized
17:49:23.884 INFO  SignIn.FlockSignIn -Opening the webclient
17:49:23.946 INFO  SignIn.GenericMethods -The title of the Page is: Flock
17:49:23.992 INFO  SignIn.GenericMethods -The Title is Correct
17:49:24.048 INFO  SignIn.GenericMethods -Switched to iframe by int : 0
17:49:24.054 INFO  SignIn.GenericMethods -Waiting for a max: 10 sec for the element to appear
17:49:26.184 INFO  SignIn.GenericMethods -The Element that you waited for is now displayed on the webpage
17:49:26.243 INFO  SignIn.GenericMethods -The element at loction: By.xpath: //div[@id='uniqName_15_0']//h2 is displayed
17:49:26.311 INFO  SignIn.GenericMethods -THe text at locator: By.xpath: //div[@id='uniqName_15_0']//h2 is Get started with Flock
17:49:26.364 INFO  SignIn.GenericMethods -The text: Get started with Flock displayed is correct
17:49:26.429 INFO  SignIn.GenericMethods -The element at loction: By.xpath: //div[@id='uniqName_15_0']//h5 is displayed
17:49:26.503 INFO  SignIn.GenericMethods -THe text at locator: By.xpath: //div[@id='uniqName_15_0']//h5 is Enter your official email address to continue
17:49:26.549 INFO  SignIn.GenericMethods -The text: Enter your official email address to continue displayed is correct
17:49:26.658 INFO  SignIn.GenericMethods -The element at loction: By.xpath: //input[@class='input'] is displayed
17:49:26.766 INFO  SignIn.GenericMethods -THe text at locator: By.xpath: //input[@class='input'] is 
17:49:26.826 INFO  SignIn.GenericMethods -The text:  displayed is correct
17:49:26.953 INFO  SignIn.GenericMethods -The element at loction: By.xpath: //a[@class='btn btn--action btn--block'] is displayed
17:49:27.081 INFO  SignIn.GenericMethods -THe text at locator: By.xpath: //a[@class='btn btn--action btn--block'] is Login or Create a Team
17:49:27.150 INFO  SignIn.GenericMethods -The text: Login or Create a Team displayed is correct
17:49:27.213 INFO  SignIn.GenericMethods -The element at loction: By.xpath: //span[@class='feedbackLinkSpan'] is displayed
17:49:27.292 INFO  SignIn.GenericMethods -THe text at locator: By.xpath: //span[@class='feedbackLinkSpan'] is Contact Support
17:49:27.341 INFO  SignIn.GenericMethods -The text: Contact Support displayed is correct
17:49:27.399 INFO  SignIn.GenericMethods -The element at loction: By.xpath: //div[@class='onboarding-sidebar'] is displayed
17:49:27.411 INFO  SignIn.GenericMethods -Waiting for a max: 1 sec for the element to be send key
17:49:27.585 INFO  SignIn.GenericMethods -Value Entered in the place holder
17:49:27.586 INFO  SignIn.GenericMethods -Waiting for a max: 1 sec for the element to be clickable
17:49:27.858 INFO  SignIn.GenericMethods -Element clicked on the webpage
17:49:27.928 INFO  SignIn.GenericMethods -The element: By.xpath: //div[@class='errorMessage'] is displayed.
17:49:27.994 INFO  SignIn.GenericMethods -THe text at locator: By.xpath: //div[@class='errorMessage'] is Enter a valid email address
17:49:28.099 INFO  SignIn.GenericMethods -The field is cleared
17:49:28.104 INFO  SignIn.GenericMethods -Waiting for a max: 1 sec for the element to be send key
17:49:28.314 INFO  SignIn.GenericMethods -Value Entered in the place holder
17:49:28.315 INFO  SignIn.GenericMethods -Waiting for a max: 1 sec for the element to be clickable
17:49:28.515 INFO  SignIn.GenericMethods -Element clicked on the webpage
17:49:28.553 INFO  SignIn.GenericMethods -The element: By.xpath: //div[@class='errorMessage'] is displayed.
17:49:28.593 INFO  SignIn.GenericMethods -THe text at locator: By.xpath: //div[@class='errorMessage'] is Enter a valid email address
17:49:28.623 INFO  SignIn.GenericMethods -The field is cleared
17:49:28.626 INFO  SignIn.GenericMethods -Waiting for a max: 1 sec for the element to be send key
17:49:28.784 INFO  SignIn.GenericMethods -Value Entered in the place holder
17:49:28.784 INFO  SignIn.GenericMethods -Waiting for a max: 1 sec for the element to be clickable
17:49:28.890 INFO  SignIn.GenericMethods -Element clicked on the webpage
17:49:28.932 INFO  SignIn.GenericMethods -The element: By.xpath: //div[@class='errorMessage'] is displayed.
17:49:28.972 INFO  SignIn.GenericMethods -THe text at locator: By.xpath: //div[@class='errorMessage'] is Enter a valid email address
17:49:29.006 INFO  SignIn.GenericMethods -The field is cleared
17:49:29.009 INFO  SignIn.GenericMethods -Waiting for a max: 1 sec for the element to be send key
17:49:29.252 INFO  SignIn.GenericMethods -Value Entered in the place holder
17:49:29.252 INFO  SignIn.GenericMethods -Waiting for a max: 1 sec for the element to be clickable
17:49:29.366 INFO  SignIn.GenericMethods -Element clicked on the webpage
17:49:29.374 INFO  SignIn.GenericMethods -Implicitly waiting for 10secs
17:49:29.375 INFO  SignIn.GenericMethods -Waiting for a max: 10 sec for the element to appear
17:49:30.504 INFO  SignIn.GenericMethods -The Element that you waited for is now displayed on the webpage
17:49:30.555 INFO  SignIn.GenericMethods -The element at loction: By.xpath: //div[@id='uniqName_17_0']//h2 is displayed
17:49:30.606 INFO  SignIn.GenericMethods -THe text at locator: By.xpath: //div[@id='uniqName_17_0']//h2 is directi.com uses
Google apps
17:49:30.695 ERROR SignIn.GenericMethods -The text: directi.com uses
Google apps displayed is not correct
17:49:30.795 INFO  SignIn.GenericMethods -The element at loction: By.xpath: //div[@id='uniqName_17_0']//h5 is displayed
17:49:30.855 INFO  SignIn.GenericMethods -THe text at locator: By.xpath: //div[@id='uniqName_17_0']//h5 is Connect with your Google account
directitester002@directi.com
17:49:30.924 ERROR SignIn.GenericMethods -The text: Connect with your Google account
directitester002@directi.com displayed is not correct
17:49:30.990 INFO  SignIn.GenericMethods -The element at loction: By.xpath: //a[@class='btn btn--block btn--google'] is displayed
17:49:31.048 INFO  SignIn.GenericMethods -THe text at locator: By.xpath: //a[@class='btn btn--block btn--google'] is Sign in with Google
17:49:31.088 INFO  SignIn.GenericMethods -The text: Sign in with Google displayed is correct
17:49:31.177 INFO  SignIn.GenericMethods -The element at loction: By.xpath: //a[@data-dojo-attach-event='onclick: _skipOAuth'] is displayed
17:49:31.220 INFO  SignIn.GenericMethods -THe text at locator: By.xpath: //a[@data-dojo-attach-event='onclick: _skipOAuth'] is Skip this step
17:49:31.264 INFO  SignIn.GenericMethods -The text: Skip this step displayed is correct
17:49:31.334 INFO  SignIn.GenericMethods -The element at loction: By.xpath: //div[@class='google-auth-blurb'] is displayed
17:49:31.401 INFO  SignIn.GenericMethods -THe text at locator: By.xpath: //div[@class='google-auth-blurb'] is Why sign in with Google?
100% secure, easy and quick sign up
Discover and add your colleagues
17:49:31.457 ERROR SignIn.GenericMethods -The text: Why sign in with Google?
100% secure, easy and quick sign up
Discover and add your colleagues displayed is not correct
17:49:31.460 INFO  SignIn.GenericMethods -Waiting for a max: 2 sec for the element to be clickable
17:49:31.713 INFO  SignIn.GenericMethods -Element clicked on the webpage
17:49:31.727 INFO  SignIn.GenericMethods -Implicitly waiting for 10secs
17:49:31.727 INFO  SignIn.GenericMethods -Waiting for a max: 10 sec for the element to appear
17:49:31.813 INFO  SignIn.GenericMethods -The Element that you waited for is now displayed on the webpage
17:49:31.867 INFO  SignIn.GenericMethods -The element at loction: By.xpath: //div[@id='uniqName_16_0']//h2 is displayed
17:49:31.925 INFO  SignIn.GenericMethods -THe text at locator: By.xpath: //div[@id='uniqName_16_0']//h2 is Please verify your email
17:49:32.013 INFO  SignIn.GenericMethods -The text: Please verify your email displayed is correct
17:49:32.106 INFO  SignIn.GenericMethods -The element at loction: By.xpath: //div[@id='uniqName_16_0']//h5 is displayed
17:49:32.181 INFO  SignIn.GenericMethods -THe text at locator: By.xpath: //div[@id='uniqName_16_0']//h5 is We've sent you a six digit verification PIN at
"directitester002@directi.com" Edit
17:49:32.222 ERROR SignIn.GenericMethods -The text: We've sent you a six digit verification PIN at
"directitester002@directi.com" Edit displayed is not correct
17:49:32.258 INFO  SignIn.GenericMethods -The element at loction: By.xpath: //input[@class='input'] is displayed
17:49:32.314 INFO  SignIn.GenericMethods -THe text at locator: By.xpath: //input[@class='input'] is 
17:49:32.371 INFO  SignIn.GenericMethods -The text:  displayed is correct
17:49:32.425 INFO  SignIn.GenericMethods -The element at loction: By.xpath: //div[@id='uniqName_16_0']//div[2]/span is displayed
17:49:32.480 INFO  SignIn.GenericMethods -THe text at locator: By.xpath: //div[@id='uniqName_16_0']//div[2]/span is Didn't receive the pin?
17:49:32.529 INFO  SignIn.GenericMethods -The text: Didn't receive the pin? displayed is correct
17:49:32.595 INFO  SignIn.GenericMethods -The element at loction: By.xpath: //a[@data-dojo-attach-event='onclick: _resend'] is displayed
17:49:32.650 INFO  SignIn.GenericMethods -THe text at locator: By.xpath: //a[@data-dojo-attach-event='onclick: _resend'] is Resend PIN
17:49:32.713 INFO  SignIn.GenericMethods -The text: Resend PIN displayed is correct
17:49:32.715 INFO  SignIn.GenericMethods -Waiting for a max: 2 sec for the element to be clickable
17:49:32.980 INFO  SignIn.GenericMethods -Element clicked on the webpage
17:49:33.029 INFO  SignIn.GenericMethods -The element at loction: By.xpath: //div[@class='resend-status'] is displayed
17:49:33.089 INFO  SignIn.GenericMethods -THe text at locator: By.xpath: //div[@class='resend-status'] is 
17:49:33.148 INFO  SignIn.GenericMethods -The text:  displayed is correct
17:49:33.184 INFO  SignIn.GenericMethods -The element at loction: By.xpath: //a[@class='btn btn--action btn--block'] is displayed
17:49:33.249 INFO  SignIn.GenericMethods -THe text at locator: By.xpath: //a[@class='btn btn--action btn--block'] is Verify
17:49:33.316 INFO  SignIn.GenericMethods -The text: Verify displayed is correct
17:49:33.319 INFO  SignIn.GenericMethods -Waiting for a max: 1 sec for the element to be send key
17:49:33.510 INFO  SignIn.GenericMethods -Value Entered in the place holder
17:49:35.510 INFO  SignIn.GenericMethods -Waiting for a max: 1 sec for the element to be clickable
17:49:35.798 INFO  SignIn.GenericMethods -Element clicked on the webpage
17:49:35.860 INFO  SignIn.GenericMethods -The element: By.xpath: //div[@class='errorMessage'] is displayed.
17:49:35.917 INFO  SignIn.GenericMethods -THe text at locator: By.xpath: //div[@class='errorMessage'] is Enter verification PIN
17:49:35.981 INFO  SignIn.GenericMethods -The field is cleared
17:49:35.985 INFO  SignIn.GenericMethods -Waiting for a max: 1 sec for the element to be send key
17:49:36.093 INFO  SignIn.GenericMethods -Value Entered in the place holder
17:49:38.094 INFO  SignIn.GenericMethods -Waiting for a max: 1 sec for the element to be clickable
17:49:38.228 INFO  SignIn.GenericMethods -Element clicked on the webpage
17:49:38.262 INFO  SignIn.GenericMethods -The element: By.xpath: //div[@class='errorMessage'] is displayed.
17:49:38.297 INFO  SignIn.GenericMethods -THe text at locator: By.xpath: //div[@class='errorMessage'] is Enter verification PIN
17:49:38.331 INFO  SignIn.GenericMethods -The field is cleared
17:49:38.334 INFO  SignIn.GenericMethods -Waiting for a max: 1 sec for the element to be send key
17:49:38.473 INFO  SignIn.GenericMethods -Value Entered in the place holder
17:49:40.473 INFO  SignIn.GenericMethods -Waiting for a max: 1 sec for the element to be clickable
17:49:40.570 INFO  SignIn.GenericMethods -Element clicked on the webpage
17:49:40.626 ERROR SignIn.GenericMethods -The element: By.xpath: //div[@class='errorMessage'] is NOT displayed.
17:49:40.665 INFO  SignIn.GenericMethods -THe text at locator: By.xpath: //div[@class='errorMessage'] is 
17:49:40.711 INFO  SignIn.GenericMethods -The field is cleared
17:49:40.721 INFO  SignIn.GenericMethods -Waiting for a max: 1 sec for the element to be send key
17:49:40.832 INFO  SignIn.GenericMethods -Value Entered in the place holder
17:49:40.832 INFO  SignIn.GenericMethods -Waiting for a max: 1 sec for the element to be clickable
17:49:41.158 INFO  SignIn.GenericMethods -Element clicked on the webpage
17:49:43.214 INFO  SignIn.GenericMethods -The element: By.xpath: //span[@class='errorMessage'] is displayed.
17:49:43.274 INFO  SignIn.GenericMethods -THe text at locator: By.xpath: //span[@class='errorMessage'] is Authentication Failed. Please check the pin.
17:49:43.316 INFO  SignIn.GenericMethods -The field is cleared
17:49:43.320 INFO  SignIn.GenericMethods -Waiting for a max: 1 sec for the element to be send key
17:49:43.449 INFO  SignIn.GenericMethods -Value Entered in the place holder
17:49:43.450 INFO  SignIn.GenericMethods -Waiting for a max: 1 sec for the element to be clickable
17:49:43.568 INFO  SignIn.GenericMethods -Element clicked on the webpage
