18:17:46.561 INFO  utilities.GenericMethods -Element found with xpath: //*[@id="globalButtonApps"]/div[1]
18:17:48.004 INFO  utilities.GenericMethods -Element found with xpath: //*[@id="globalButtonApps"]/div[1]
18:17:56.713 INFO  utilities.GenericMethods -Switched to iframe by int : 0
18:17:56.713 INFO  utilities.GenericMethods -Element found with xpath: //input[@placeholder='Enter your work email']
18:17:57.223 INFO  utilities.GenericMethods -Waiting for a max: 2 sec for the element to be clickable
18:17:58.438 INFO  utilities.GenericMethods -Element clicked on the webpage
18:17:58.439 INFO  utilities.GenericMethods -Waiting for a max: 2 sec for the element to be clickable
18:17:59.010 INFO  utilities.GenericMethods -Switched to iframe by int : 0
18:17:59.010 INFO  utilities.GenericMethods -Element found with xpath: //input[@placeholder='Enter your work email']
18:17:59.351 INFO  utilities.GenericMethods -Waiting for a max: 2 sec for the element to be clickable
18:17:59.651 INFO  utilities.GenericMethods -Element clicked on the webpage
18:17:59.651 INFO  utilities.GenericMethods -Waiting for a max: 2 sec for the element to be clickable
18:18:00.107 INFO  utilities.GenericMethods -Element clicked on the webpage
18:18:00.107 INFO  utilities.GenericMethods -Waiting for a max: 2 sec for the element to be send key
18:18:00.456 INFO  utilities.GenericMethods -Value Entered in the place holder
18:18:00.456 INFO  utilities.GenericMethods -Waiting for a max: 1 sec for the element to be clickable
18:18:00.742 INFO  utilities.GenericMethods -Element clicked on the webpage
18:18:00.743 INFO  utilities.GenericMethods -Waiting for a max: 60 sec for the element to be clickable
18:18:01.126 INFO  utilities.GenericMethods -Element clicked on the webpage
18:18:01.126 INFO  utilities.GenericMethods -Waiting for a max: 2 sec for the element to be send key
18:18:01.343 INFO  utilities.GenericMethods -Value Entered in the place holder
18:18:01.343 INFO  utilities.GenericMethods -Waiting for a max: 1 sec for the element to be clickable
18:18:01.531 INFO  utilities.GenericMethods -Element clicked on the webpage
18:18:01.532 INFO  utilities.GenericMethods -Waiting for a max: 60 sec for the element to be clickable
18:18:07.640 ERROR utilities.GenericMethods -Element not clicked on the webpage
18:18:25.624 ERROR utilities.GenericMethods -Element not clicked on the webpage
18:24:24.738 INFO  utilities.GenericMethods -Implicitly waiting for 40secs
18:24:24.970 INFO  utilities.GenericMethods -Switched to iframe by int : 0
18:24:24.977 INFO  utilities.GenericMethods -Waiting for a max: 1 sec for the element to be send key
18:24:30.134 INFO  utilities.GenericMethods -Value Entered in the place holder
18:24:30.134 INFO  utilities.GenericMethods -Waiting for a max: 1 sec for the element to be clickable
18:24:31.279 INFO  utilities.GenericMethods -Element clicked on the webpage
18:24:31.279 INFO  utilities.GenericMethods -Waiting for a max: 2 sec for the element to be clickable
18:24:32.894 INFO  utilities.GenericMethods -Element clicked on the webpage
18:24:32.894 INFO  utilities.GenericMethods -Waiting for a max: 1 sec for the element to be send key
18:24:33.118 INFO  utilities.GenericMethods -Value Entered in the place holder
18:24:33.118 INFO  utilities.GenericMethods -Waiting for a max: 1 sec for the element to be clickable
18:24:33.351 INFO  utilities.GenericMethods -Element clicked on the webpage
19:00:08.661 INFO  utilities.GenericMethods -Element found with xpath: //*[@id="globalButtonApps"]/div[1]
19:00:10.495 INFO  utilities.GenericMethods -Element found with xpath: //*[@id="globalButtonApps"]/div[1]
19:00:18.772 INFO  utilities.GenericMethods -Switched to iframe by int : 0
19:00:18.772 INFO  utilities.GenericMethods -Element found with xpath: //input[@placeholder='Enter your work email']
19:00:18.996 INFO  utilities.GenericMethods -Waiting for a max: 2 sec for the element to be clickable
19:00:19.241 INFO  utilities.GenericMethods -Element clicked on the webpage
19:00:19.242 INFO  utilities.GenericMethods -Waiting for a max: 2 sec for the element to be clickable
19:00:20.527 INFO  utilities.GenericMethods -Switched to iframe by int : 0
19:00:20.528 INFO  utilities.GenericMethods -Element found with xpath: //input[@placeholder='Enter your work email']
19:00:20.630 INFO  utilities.GenericMethods -Element clicked on the webpage
19:00:20.631 INFO  utilities.GenericMethods -Waiting for a max: 2 sec for the element to be send key
19:00:20.724 INFO  utilities.GenericMethods -Waiting for a max: 2 sec for the element to be clickable
19:00:20.948 INFO  utilities.GenericMethods -Value Entered in the place holder
19:00:20.948 INFO  utilities.GenericMethods -Waiting for a max: 1 sec for the element to be clickable
19:00:20.965 INFO  utilities.GenericMethods -Element clicked on the webpage
19:00:20.965 INFO  utilities.GenericMethods -Waiting for a max: 2 sec for the element to be clickable
19:00:21.267 INFO  utilities.GenericMethods -Element clicked on the webpage
19:00:21.268 INFO  utilities.GenericMethods -Waiting for a max: 60 sec for the element to be clickable
19:00:22.333 INFO  utilities.GenericMethods -Element clicked on the webpage
19:00:22.334 INFO  utilities.GenericMethods -Waiting for a max: 2 sec for the element to be send key
19:00:22.473 INFO  utilities.GenericMethods -Value Entered in the place holder
19:00:22.473 INFO  utilities.GenericMethods -Waiting for a max: 1 sec for the element to be clickable
19:00:22.631 INFO  utilities.GenericMethods -Element clicked on the webpage
19:00:22.632 INFO  utilities.GenericMethods -Waiting for a max: 60 sec for the element to be clickable
19:00:26.246 ERROR utilities.GenericMethods -Element not clicked on the webpage
19:00:41.272 INFO  utilities.GenericMethods -Waiting for a max: 2 sec for the element to be clickable
19:00:41.306 ERROR utilities.GenericMethods -Element not clicked on the webpage
19:00:41.306 INFO  utilities.GenericMethods -Waiting for a max: 2 sec for the element to be clickable
19:00:41.326 ERROR utilities.GenericMethods -Element not clicked on the webpage
19:00:54.251 ERROR utilities.GenericMethods -Element not clicked on the webpage
19:01:09.279 INFO  utilities.GenericMethods -Waiting for a max: 2 sec for the element to be clickable
19:01:13.305 ERROR utilities.GenericMethods -Element not clicked on the webpage
19:01:13.305 INFO  utilities.GenericMethods -Waiting for a max: 2 sec for the element to be clickable
19:01:17.316 ERROR utilities.GenericMethods -Element not clicked on the webpage
19:01:23.933 INFO  utilities.GenericMethods -Element found with xpath: //*[@id="globalButtonApps"]/div[1]
19:01:24.430 INFO  utilities.GenericMethods -Element found with xpath: //*[@id="globalButtonApps"]/div[1]
19:01:34.033 INFO  utilities.GenericMethods -Switched to iframe by int : 0
19:01:34.033 INFO  utilities.GenericMethods -Element found with xpath: //input[@placeholder='Enter your work email']
19:01:34.266 INFO  utilities.GenericMethods -Waiting for a max: 2 sec for the element to be clickable
19:01:34.456 INFO  utilities.GenericMethods -Switched to iframe by int : 0
19:01:34.457 INFO  utilities.GenericMethods -Element found with xpath: //input[@placeholder='Enter your work email']
19:01:34.545 INFO  utilities.GenericMethods -Element clicked on the webpage
19:01:34.545 INFO  utilities.GenericMethods -Waiting for a max: 2 sec for the element to be clickable
19:01:34.628 INFO  utilities.GenericMethods -Waiting for a max: 2 sec for the element to be clickable
19:01:34.848 INFO  utilities.GenericMethods -Element clicked on the webpage
19:01:34.848 INFO  utilities.GenericMethods -Waiting for a max: 2 sec for the element to be clickable
19:01:35.966 INFO  utilities.GenericMethods -Element clicked on the webpage
19:01:35.966 INFO  utilities.GenericMethods -Waiting for a max: 2 sec for the element to be send key
19:01:36.244 INFO  utilities.GenericMethods -Element clicked on the webpage
19:01:36.244 INFO  utilities.GenericMethods -Waiting for a max: 2 sec for the element to be send key
19:01:36.398 INFO  utilities.GenericMethods -Value Entered in the place holder
19:01:36.399 INFO  utilities.GenericMethods -Waiting for a max: 1 sec for the element to be clickable
19:01:36.416 INFO  utilities.GenericMethods -Value Entered in the place holder
19:01:36.417 INFO  utilities.GenericMethods -Waiting for a max: 1 sec for the element to be clickable
19:01:36.574 INFO  utilities.GenericMethods -Element clicked on the webpage
19:01:36.574 INFO  utilities.GenericMethods -Waiting for a max: 60 sec for the element to be clickable
19:01:36.730 INFO  utilities.GenericMethods -Element clicked on the webpage
19:01:36.730 INFO  utilities.GenericMethods -Waiting for a max: 60 sec for the element to be clickable
19:01:40.157 ERROR utilities.GenericMethods -Element not clicked on the webpage
19:01:51.706 ERROR utilities.GenericMethods -Element not clicked on the webpage
19:01:55.199 INFO  utilities.GenericMethods -Waiting for a max: 2 sec for the element to be clickable
19:01:55.219 ERROR utilities.GenericMethods -Element not clicked on the webpage
19:01:55.220 INFO  utilities.GenericMethods -Waiting for a max: 2 sec for the element to be clickable
19:01:55.241 ERROR utilities.GenericMethods -Element not clicked on the webpage
19:02:06.722 INFO  utilities.GenericMethods -Waiting for a max: 2 sec for the element to be clickable
19:02:16.764 ERROR utilities.GenericMethods -Element not clicked on the webpage
19:02:16.764 INFO  utilities.GenericMethods -Waiting for a max: 2 sec for the element to be clickable
19:02:26.788 ERROR utilities.GenericMethods -Element not clicked on the webpage
19:03:14.327 INFO  utilities.GenericMethods -Element found with xpath: //*[@id="globalButtonApps"]/div[1]
19:03:17.547 INFO  utilities.GenericMethods -Element found with xpath: //*[@id="globalButtonApps"]/div[1]
19:03:24.491 INFO  utilities.GenericMethods -Switched to iframe by int : 0
19:03:24.492 INFO  utilities.GenericMethods -Element found with xpath: //input[@placeholder='Enter your work email']
19:03:24.812 INFO  utilities.GenericMethods -Waiting for a max: 2 sec for the element to be clickable
19:03:25.152 INFO  utilities.GenericMethods -Element clicked on the webpage
19:03:25.153 INFO  utilities.GenericMethods -Waiting for a max: 2 sec for the element to be clickable
19:03:26.598 INFO  utilities.GenericMethods -Element clicked on the webpage
19:03:26.598 INFO  utilities.GenericMethods -Waiting for a max: 2 sec for the element to be send key
19:03:26.914 INFO  utilities.GenericMethods -Value Entered in the place holder
19:03:26.914 INFO  utilities.GenericMethods -Waiting for a max: 1 sec for the element to be clickable
19:03:27.149 INFO  utilities.GenericMethods -Element clicked on the webpage
19:03:27.149 INFO  utilities.GenericMethods -Waiting for a max: 60 sec for the element to be clickable
19:03:27.588 INFO  utilities.GenericMethods -Switched to iframe by int : 0
19:03:27.588 INFO  utilities.GenericMethods -Element found with xpath: //input[@placeholder='Enter your work email']
19:03:27.768 INFO  utilities.GenericMethods -Waiting for a max: 2 sec for the element to be clickable
19:03:27.981 INFO  utilities.GenericMethods -Element clicked on the webpage
19:03:27.981 INFO  utilities.GenericMethods -Waiting for a max: 2 sec for the element to be clickable
19:03:29.350 INFO  utilities.GenericMethods -Element clicked on the webpage
19:03:29.350 INFO  utilities.GenericMethods -Waiting for a max: 2 sec for the element to be send key
19:03:29.551 INFO  utilities.GenericMethods -Value Entered in the place holder
19:03:29.551 INFO  utilities.GenericMethods -Waiting for a max: 1 sec for the element to be clickable
19:03:29.738 INFO  utilities.GenericMethods -Element clicked on the webpage
19:03:29.738 INFO  utilities.GenericMethods -Waiting for a max: 60 sec for the element to be clickable
19:03:33.364 ERROR utilities.GenericMethods -Element not clicked on the webpage
19:03:48.365 INFO  utilities.GenericMethods -Waiting for a max: 2 sec for the element to be clickable
19:03:48.379 ERROR utilities.GenericMethods -Element not clicked on the webpage
19:03:48.379 INFO  utilities.GenericMethods -Waiting for a max: 2 sec for the element to be clickable
19:03:48.394 ERROR utilities.GenericMethods -Element not clicked on the webpage
19:04:00.117 ERROR utilities.GenericMethods -Element not clicked on the webpage
19:04:15.118 INFO  utilities.GenericMethods -Waiting for a max: 2 sec for the element to be clickable
