14:57:54.229 INFO  utilities.GenericMethods -Element found with xpath: //*[@id="globalButtonApps"]/div[1]
14:58:04.325 INFO  utilities.OnBoardingUtils -App not logged in. Try logging in default test account.
14:58:04.344 INFO  utilities.GenericMethods -Switched to iframe by int : 0
14:58:04.344 INFO  utilities.GenericMethods -Element found with xpath: //input[@placeholder='Enter your work email']
14:58:04.631 INFO  utilities.GenericMethods -Waiting for a max: 2 sec for the element to be clickable
14:58:04.884 INFO  utilities.GenericMethods -Element clicked on the webpage
14:58:04.885 INFO  utilities.GenericMethods -Waiting for a max: 2 sec for the element to be clickable
14:58:06.365 INFO  utilities.GenericMethods -Element clicked on the webpage
14:58:06.366 INFO  utilities.GenericMethods -Waiting for a max: 2 sec for the element to be send key
14:58:06.644 INFO  utilities.GenericMethods -Value Entered in the place holder
14:58:06.644 INFO  utilities.GenericMethods -Waiting for a max: 1 sec for the element to be clickable
14:58:06.916 INFO  utilities.GenericMethods -Element clicked on the webpage
14:58:06.929 INFO  utilities.GenericMethods -Implicitly waiting for 30secs
14:58:06.929 INFO  utilities.GenericMethods -Waiting for a max: 2 sec for the element to be clickable
14:58:09.776 ERROR utilities.GenericMethods -Element not clicked on the webpage
14:58:09.776 INFO  utilities.OnBoardingUtils -Inside handle language alert
14:58:09.777 INFO  utilities.GenericMethods -Waiting for a max: 10 sec for the element to be clickable
14:58:39.806 ERROR utilities.GenericMethods -Element not clicked on the webpage
14:58:39.806 INFO  utilities.GenericMethods -Waiting for a max: 1 sec for the element to be clickable
14:58:39.976 INFO  utilities.GenericMethods -Element clicked on the webpage
14:58:39.976 INFO  utilities.GenericMethods -Waiting for a max: 12 sec for the element to appear
14:59:10.012 ERROR utilities.GenericMethods -The Element that you waited for is not displayed on the webpage
14:59:10.012 INFO  utilities.GenericMethods -Element found with xpath: //div[@id='dijit__Templated_34']
14:59:40.031 INFO  utilities.OnBoardingUtils -Feature tour not displayed
15:01:54.019 INFO  utilities.GenericMethods -Element found with xpath: //*[@id="globalButtonApps"]/div[1]
15:02:04.096 INFO  utilities.OnBoardingUtils -App not logged in. Try logging in default test account.
15:02:04.121 INFO  utilities.GenericMethods -Switched to iframe by int : 0
15:02:04.122 INFO  utilities.GenericMethods -Element found with xpath: //input[@placeholder='Enter your work email']
15:02:04.457 INFO  utilities.GenericMethods -Waiting for a max: 2 sec for the element to be clickable
15:02:04.788 INFO  utilities.GenericMethods -Element clicked on the webpage
15:02:04.788 INFO  utilities.GenericMethods -Waiting for a max: 2 sec for the element to be clickable
15:02:06.177 INFO  utilities.GenericMethods -Element clicked on the webpage
15:02:06.177 INFO  utilities.GenericMethods -Waiting for a max: 2 sec for the element to be send key
15:02:06.383 INFO  utilities.GenericMethods -Value Entered in the place holder
15:02:06.383 INFO  utilities.GenericMethods -Waiting for a max: 1 sec for the element to be clickable
15:02:06.599 INFO  utilities.GenericMethods -Element clicked on the webpage
15:02:06.604 INFO  utilities.GenericMethods -Implicitly waiting for 30secs
15:02:06.604 INFO  utilities.GenericMethods -Waiting for a max: 2 sec for the element to be clickable
15:02:09.536 ERROR utilities.GenericMethods -Element not clicked on the webpage
15:02:09.537 INFO  utilities.OnBoardingUtils -Inside handle language alert
15:02:09.537 INFO  utilities.GenericMethods -Waiting for a max: 10 sec for the element to be clickable
15:02:39.598 ERROR utilities.GenericMethods -Element not clicked on the webpage
15:02:39.598 INFO  utilities.GenericMethods -Waiting for a max: 1 sec for the element to be clickable
15:02:39.775 INFO  utilities.GenericMethods -Element clicked on the webpage
15:02:39.775 INFO  utilities.GenericMethods -Waiting for a max: 12 sec for the element to appear
15:03:09.816 ERROR utilities.GenericMethods -The Element that you waited for is not displayed on the webpage
15:03:09.816 INFO  utilities.GenericMethods -Element found with xpath: //div[@id='dijit__Templated_34']
15:03:39.831 INFO  utilities.OnBoardingUtils -Feature tour not displayed
15:03:44.890 INFO  utilities.GenericMethods -The Univerl-Search-Plus-Icon element at loction: By.xpath: //div[@id='shell_plus_PlusWidget_0'] is displayed
15:03:44.890 INFO  utilities.GenericMethods -Waiting for a max: 1 sec for the element to be clickable
15:03:45.041 INFO  utilities.GenericMethods -Element clicked on the webpage
15:03:45.049 INFO  utilities.GenericMethods -Waiting for a max: 2 sec for the element to be clickable
15:03:45.274 INFO  utilities.GenericMethods -Element clicked on the webpage
15:03:45.274 INFO  utilities.GenericMethods -Waiting for a max: 1 sec for the element to be clickable
15:03:45.481 INFO  utilities.GenericMethods -Element clicked on the webpage
15:03:45.482 INFO  utilities.GenericMethods -Waiting for a max: 1 sec for the element to be clickable
15:03:45.703 INFO  utilities.GenericMethods -Element clicked on the webpage
15:14:13.472 INFO  utilities.GenericMethods -Element found with xpath: //*[@id="globalButtonApps"]/div[1]
15:14:23.603 INFO  utilities.OnBoardingUtils -App not logged in. Try logging in default test account.
15:14:23.733 INFO  utilities.GenericMethods -Switched to iframe by int : 0
15:14:23.734 INFO  utilities.GenericMethods -Element found with xpath: //input[@placeholder='Enter your work email']
15:14:25.058 INFO  utilities.GenericMethods -Waiting for a max: 2 sec for the element to be clickable
15:14:25.862 INFO  utilities.GenericMethods -Element clicked on the webpage
15:14:25.863 INFO  utilities.GenericMethods -Waiting for a max: 2 sec for the element to be clickable
15:14:28.291 INFO  utilities.GenericMethods -Element clicked on the webpage
15:14:28.292 INFO  utilities.GenericMethods -Waiting for a max: 2 sec for the element to be send key
15:14:28.862 INFO  utilities.GenericMethods -Value Entered in the place holder
15:14:28.863 INFO  utilities.GenericMethods -Waiting for a max: 1 sec for the element to be clickable
15:14:29.463 INFO  utilities.GenericMethods -Element clicked on the webpage
15:14:29.477 INFO  utilities.GenericMethods -Implicitly waiting for 30secs
15:14:29.478 INFO  utilities.GenericMethods -Waiting for a max: 2 sec for the element to be clickable
15:14:32.846 ERROR utilities.GenericMethods -Element not clicked on the webpage
15:14:32.846 INFO  utilities.OnBoardingUtils -Inside handle language alert
15:14:32.847 INFO  utilities.GenericMethods -Waiting for a max: 10 sec for the element to be clickable
15:15:02.904 ERROR utilities.GenericMethods -Element not clicked on the webpage
15:15:02.905 INFO  utilities.GenericMethods -Waiting for a max: 1 sec for the element to be clickable
15:15:03.569 INFO  utilities.GenericMethods -Element clicked on the webpage
15:15:03.569 INFO  utilities.GenericMethods -Waiting for a max: 12 sec for the element to appear
15:15:33.660 ERROR utilities.GenericMethods -The Element that you waited for is not displayed on the webpage
15:15:33.661 INFO  utilities.GenericMethods -Element found with xpath: //div[@id='dijit__Templated_34']
15:16:03.692 INFO  utilities.OnBoardingUtils -Feature tour not displayed
15:16:03.701 INFO  utilities.GenericMethods -Waiting for a max: 2 sec for the element to be clickable
15:16:04.161 INFO  utilities.GenericMethods -Element clicked on the webpage
15:16:04.161 INFO  utilities.GenericMethods -Waiting for a max: 1 sec for the element to be clickable
15:16:04.608 INFO  utilities.GenericMethods -Element clicked on the webpage
15:16:04.608 INFO  utilities.GenericMethods -Waiting for a max: 1 sec for the element to be clickable
15:16:05.346 INFO  utilities.GenericMethods -Element clicked on the webpage
15:22:10.734 INFO  utilities.GenericMethods -Element found with xpath: //*[@id="globalButtonApps"]/div[1]
15:22:20.846 INFO  utilities.OnBoardingUtils -App not logged in. Try logging in default test account.
15:22:20.885 INFO  utilities.GenericMethods -Switched to iframe by int : 0
15:22:20.885 INFO  utilities.GenericMethods -Element found with xpath: //input[@placeholder='Enter your work email']
15:22:21.607 INFO  utilities.GenericMethods -Waiting for a max: 2 sec for the element to be clickable
15:22:22.075 INFO  utilities.GenericMethods -Element clicked on the webpage
15:22:22.075 INFO  utilities.GenericMethods -Waiting for a max: 2 sec for the element to be clickable
15:22:23.652 INFO  utilities.GenericMethods -Element clicked on the webpage
15:22:23.653 INFO  utilities.GenericMethods -Waiting for a max: 2 sec for the element to be send key
15:22:24.052 INFO  utilities.GenericMethods -Value Entered in the place holder
15:22:24.053 INFO  utilities.GenericMethods -Waiting for a max: 1 sec for the element to be clickable
15:22:24.422 INFO  utilities.GenericMethods -Element clicked on the webpage
15:22:24.437 INFO  utilities.GenericMethods -Implicitly waiting for 30secs
15:22:24.437 INFO  utilities.GenericMethods -Waiting for a max: 2 sec for the element to be clickable
15:22:27.552 ERROR utilities.GenericMethods -Element not clicked on the webpage
15:22:27.552 INFO  utilities.OnBoardingUtils -Inside handle language alert
15:22:27.552 INFO  utilities.GenericMethods -Waiting for a max: 5 sec for the element to be clickable
15:22:57.580 ERROR utilities.GenericMethods -Element not clicked on the webpage
15:22:57.580 INFO  utilities.GenericMethods -Waiting for a max: 1 sec for the element to be clickable
15:22:57.947 INFO  utilities.GenericMethods -Element clicked on the webpage
15:22:57.947 INFO  utilities.GenericMethods -Waiting for a max: 12 sec for the element to appear
15:23:03.077 INFO  utilities.GenericMethods -The Element that you waited for is now displayed on the webpage
15:23:03.078 INFO  utilities.GenericMethods -Element found with xpath: //div[@id='dijit__Templated_20']
15:23:03.095 INFO  utilities.OnBoardingUtils -Clicking on Feature Tour Skip
15:23:03.095 INFO  utilities.GenericMethods -Waiting for a max: 1 sec for the element to be clickable
15:23:03.357 INFO  utilities.GenericMethods -Element clicked on the webpage
15:23:03.364 INFO  utilities.GenericMethods -Waiting for a max: 2 sec for the element to be clickable
15:23:03.717 INFO  utilities.GenericMethods -Element clicked on the webpage
15:23:03.717 INFO  utilities.GenericMethods -Waiting for a max: 1 sec for the element to be clickable
15:23:04.097 INFO  utilities.GenericMethods -Element clicked on the webpage
15:23:04.098 INFO  utilities.GenericMethods -Waiting for a max: 1 sec for the element to be clickable
15:23:04.514 INFO  utilities.GenericMethods -Element clicked on the webpage
16:28:58.765 INFO  utilities.GenericMethods -Element found with xpath: //*[@id="globalButtonApps"]/div[1]
16:29:08.828 INFO  utilities.OnBoardingUtils -App not logged in. Try logging in default test account.
16:29:08.834 INFO  utilities.GenericMethods -Waiting for a max: 2 sec for the element to be clickable
16:29:09.017 ERROR utilities.GenericMethods -Element not clicked on the webpage
16:29:09.017 INFO  utilities.GenericMethods -Waiting for a max: 1 sec for the element to be clickable
16:29:19.081 ERROR utilities.GenericMethods -Element not clicked on the webpage
16:29:19.082 INFO  utilities.GenericMethods -Waiting for a max: 1 sec for the element to be clickable
16:29:29.135 ERROR utilities.GenericMethods -Element not clicked on the webpage
16:47:56.710 INFO  utilities.GenericMethods -Element found with xpath: //*[@id="globalButtonApps"]/div[1]
16:48:06.754 INFO  utilities.OnBoardingUtils -App not logged in. Try logging in default test account.
16:48:06.762 INFO  utilities.GenericMethods -Waiting for a max: 2 sec for the element to be clickable
16:48:07.032 ERROR utilities.GenericMethods -Element not clicked on the webpage
16:48:07.033 INFO  utilities.GenericMethods -Waiting for a max: 1 sec for the element to be clickable
16:48:17.085 ERROR utilities.GenericMethods -Element not clicked on the webpage
16:48:17.086 INFO  utilities.GenericMethods -Waiting for a max: 1 sec for the element to be clickable
16:48:27.145 ERROR utilities.GenericMethods -Element not clicked on the webpage
16:57:14.794 INFO  utilities.GenericMethods -Element found with xpath: //*[@id="globalButtonApps"]/div[1]
16:57:24.837 INFO  utilities.OnBoardingUtils -App not logged in. Try logging in default test account.
16:57:24.859 INFO  utilities.GenericMethods -Switched to iframe by int : 0
16:57:24.859 INFO  utilities.GenericMethods -Element found with xpath: //input[@placeholder='Enter your work email']
16:57:25.145 INFO  utilities.GenericMethods -Waiting for a max: 2 sec for the element to be clickable
16:57:25.446 INFO  utilities.GenericMethods -Element clicked on the webpage
16:57:25.447 INFO  utilities.GenericMethods -Waiting for a max: 2 sec for the element to be clickable
16:57:27.127 INFO  utilities.GenericMethods -Element clicked on the webpage
16:57:27.127 INFO  utilities.GenericMethods -Waiting for a max: 2 sec for the element to be send key
16:57:27.356 INFO  utilities.GenericMethods -Value Entered in the place holder
16:57:27.356 INFO  utilities.GenericMethods -Waiting for a max: 1 sec for the element to be clickable
16:57:27.624 INFO  utilities.GenericMethods -Element clicked on the webpage
16:57:27.629 INFO  utilities.GenericMethods -Implicitly waiting for 30secs
16:57:27.629 INFO  utilities.GenericMethods -Waiting for a max: 2 sec for the element to be clickable
16:57:30.469 ERROR utilities.GenericMethods -Element not clicked on the webpage
16:57:30.474 INFO  utilities.GenericMethods -Waiting for a max: 2 sec for the element to be clickable
16:57:30.690 INFO  utilities.GenericMethods -Element clicked on the webpage
16:57:30.690 INFO  utilities.GenericMethods -Waiting for a max: 1 sec for the element to be clickable
16:57:30.890 INFO  utilities.GenericMethods -Element clicked on the webpage
16:57:30.890 INFO  utilities.GenericMethods -Waiting for a max: 1 sec for the element to be clickable
16:57:31.056 INFO  utilities.GenericMethods -Element clicked on the webpage
16:58:56.045 INFO  utilities.GenericMethods -Element found with xpath: //*[@id="globalButtonApps"]/div[1]
16:59:06.115 INFO  utilities.OnBoardingUtils -App not logged in. Try logging in default test account.
16:59:06.180 INFO  utilities.GenericMethods -Switched to iframe by int : 0
16:59:06.181 INFO  utilities.GenericMethods -Element found with xpath: //input[@placeholder='Enter your work email']
16:59:06.425 INFO  utilities.GenericMethods -Waiting for a max: 2 sec for the element to be clickable
16:59:06.630 INFO  utilities.GenericMethods -Element clicked on the webpage
16:59:06.631 INFO  utilities.GenericMethods -Waiting for a max: 2 sec for the element to be clickable
16:59:07.918 INFO  utilities.GenericMethods -Element clicked on the webpage
16:59:07.918 INFO  utilities.GenericMethods -Waiting for a max: 2 sec for the element to be send key
16:59:08.068 INFO  utilities.GenericMethods -Value Entered in the place holder
16:59:08.068 INFO  utilities.GenericMethods -Waiting for a max: 1 sec for the element to be clickable
16:59:08.247 INFO  utilities.GenericMethods -Element clicked on the webpage
16:59:08.252 INFO  utilities.GenericMethods -Implicitly waiting for 30secs
16:59:08.252 INFO  utilities.GenericMethods -Waiting for a max: 2 sec for the element to be clickable
16:59:11.137 ERROR utilities.GenericMethods -Element not clicked on the webpage
16:59:11.137 INFO  utilities.OnBoardingUtils -Inside handle language alert
16:59:11.138 INFO  utilities.GenericMethods -Waiting for a max: 5 sec for the element to be clickable
16:59:41.185 ERROR utilities.GenericMethods -Element not clicked on the webpage
16:59:41.185 INFO  utilities.GenericMethods -Waiting for a max: 1 sec for the element to be clickable
16:59:41.365 INFO  utilities.GenericMethods -Element clicked on the webpage
16:59:41.365 INFO  utilities.GenericMethods -Waiting for a max: 12 sec for the element to appear
16:59:46.456 INFO  utilities.GenericMethods -The Element that you waited for is now displayed on the webpage
16:59:46.457 INFO  utilities.GenericMethods -Element found with xpath: //div[@id='dijit__Templated_20']
16:59:46.470 INFO  utilities.OnBoardingUtils -Clicking on Feature Tour Skip
16:59:46.470 INFO  utilities.GenericMethods -Waiting for a max: 1 sec for the element to be clickable
16:59:46.629 INFO  utilities.GenericMethods -Element clicked on the webpage
16:59:51.721 INFO  utilities.GenericMethods -The Univerl-Search-Plus-Icon element at loction: By.xpath: //div[@id='shell_plus_PlusWidget_0'] is displayed
16:59:51.722 INFO  utilities.GenericMethods -Waiting for a max: 1 sec for the element to be clickable
16:59:51.855 INFO  utilities.GenericMethods -Element clicked on the webpage
16:59:53.856 INFO  utilities.GenericMethods -Element found with xpath: //table[@id='widgets_Menu_0']
16:59:53.904 INFO  flockClient.searchPlus -The options in the dropdown is displayed
16:59:53.954 INFO  utilities.GenericMethods -The Create-Channel-icon element at loction: By.xpath: //tr[@id='dijit__WidgetsInTemplateMixin_2']/td[2]/div[1] is displayed
16:59:53.987 INFO  utilities.GenericMethods -The Create-Channel-label element at loction: By.xpath: //tr[@id='dijit__WidgetsInTemplateMixin_2']//div[@class='plus-item__label'] is displayed
16:59:54.007 INFO  utilities.GenericMethods -THe text at locator: By.xpath: //tr[@id='dijit__WidgetsInTemplateMixin_2']//div[@class='plus-item__label'] is Create a new channel
16:59:54.050 INFO  utilities.GenericMethods -The text: Create a new channel displayed is correct
16:59:54.084 INFO  utilities.GenericMethods -The Create-Channel-sublabel element at loction: By.xpath: //tr[@id='dijit__WidgetsInTemplateMixin_2']//div[@class='plus-item__sublabel'] is displayed
16:59:54.103 INFO  utilities.GenericMethods -THe text at locator: By.xpath: //tr[@id='dijit__WidgetsInTemplateMixin_2']//div[@class='plus-item__sublabel'] is For your projects or topics
16:59:54.139 INFO  utilities.GenericMethods -The text: For your projects or topics displayed is correct
16:59:54.175 INFO  utilities.GenericMethods -The Create-Channel-icon element at loction: By.xpath: //tr[@id='dijit__WidgetsInTemplateMixin_1']/td[2]/div[1] is displayed
16:59:54.216 INFO  utilities.GenericMethods -The Create-Channel-label element at loction: By.xpath: //tr[@id='dijit__WidgetsInTemplateMixin_1']//div[@class='plus-item__label'] is displayed
16:59:54.239 INFO  utilities.GenericMethods -THe text at locator: By.xpath: //tr[@id='dijit__WidgetsInTemplateMixin_1']//div[@class='plus-item__label'] is Join Public Channels
16:59:54.285 INFO  utilities.GenericMethods -The text: Join Public Channels displayed is correct
16:59:54.309 INFO  utilities.GenericMethods -The Create-Channel-sublabel element at loction: By.xpath: //tr[@id='dijit__WidgetsInTemplateMixin_2']//div[@class='plus-item__sublabel'] is displayed
16:59:54.327 INFO  utilities.GenericMethods -THe text at locator: By.xpath: //tr[@id='dijit__WidgetsInTemplateMixin_2']//div[@class='plus-item__sublabel'] is For your projects or topics
16:59:54.351 ERROR utilities.GenericMethods -The text: For your projects or topics displayed is not correct
16:59:54.394 INFO  utilities.GenericMethods -The Create-Channel-icon element at loction: By.xpath: //tr[@id='dijit__WidgetsInTemplateMixin_3']/td[2]/div[1] is displayed
16:59:54.431 INFO  utilities.GenericMethods -The Create-Channel-label element at loction: By.xpath: //tr[@id='dijit__WidgetsInTemplateMixin_3']//div[@class='plus-item__label'] is displayed
16:59:54.457 INFO  utilities.GenericMethods -THe text at locator: By.xpath: //tr[@id='dijit__WidgetsInTemplateMixin_3']//div[@class='plus-item__label'] is Invite contacts
16:59:54.515 INFO  utilities.GenericMethods -The text: Invite contacts displayed is correct
16:59:54.565 INFO  utilities.GenericMethods -The Create-Channel-sublabel element at loction: By.xpath: //tr[@id='dijit__WidgetsInTemplateMixin_3']//div[@class='plus-item__sublabel'] is displayed
16:59:54.592 INFO  utilities.GenericMethods -THe text at locator: By.xpath: //tr[@id='dijit__WidgetsInTemplateMixin_3']//div[@class='plus-item__sublabel'] is Add members to your team
16:59:54.640 INFO  utilities.GenericMethods -The text: Add members to your team displayed is correct
16:59:54.643 INFO  utilities.GenericMethods -Waiting for a max: 2 sec for the element to be clickable
16:59:54.916 INFO  utilities.GenericMethods -Element clicked on the webpage
16:59:54.917 INFO  utilities.GenericMethods -Waiting for a max: 1 sec for the element to be clickable
16:59:55.100 INFO  utilities.GenericMethods -Element clicked on the webpage
16:59:55.100 INFO  utilities.GenericMethods -Waiting for a max: 1 sec for the element to be clickable
16:59:55.323 INFO  utilities.GenericMethods -Element clicked on the webpage
17:00:05.340 INFO  utilities.GenericMethods -Waiting for a max: 2 sec for the element to be clickable
17:00:05.560 ERROR utilities.GenericMethods -Element not clicked on the webpage
17:00:05.561 INFO  utilities.GenericMethods -Waiting for a max: 1 sec for the element to be clickable
17:00:35.626 ERROR utilities.GenericMethods -Element not clicked on the webpage
17:00:35.626 INFO  utilities.GenericMethods -Waiting for a max: 1 sec for the element to be clickable
17:01:05.665 ERROR utilities.GenericMethods -Element not clicked on the webpage
17:03:48.825 INFO  utilities.GenericMethods -Element found with xpath: //*[@id="globalButtonApps"]/div[1]
17:03:58.884 INFO  utilities.OnBoardingUtils -App not logged in. Try logging in default test account.
17:03:58.904 INFO  utilities.GenericMethods -Switched to iframe by int : 0
17:03:58.904 INFO  utilities.GenericMethods -Element found with xpath: //input[@placeholder='Enter your work email']
17:03:59.141 INFO  utilities.GenericMethods -Waiting for a max: 2 sec for the element to be clickable
17:03:59.360 INFO  utilities.GenericMethods -Element clicked on the webpage
17:03:59.360 INFO  utilities.GenericMethods -Waiting for a max: 2 sec for the element to be clickable
17:04:00.779 INFO  utilities.GenericMethods -Element clicked on the webpage
17:04:00.780 INFO  utilities.GenericMethods -Waiting for a max: 2 sec for the element to be send key
17:04:00.975 INFO  utilities.GenericMethods -Value Entered in the place holder
17:04:00.976 INFO  utilities.GenericMethods -Waiting for a max: 1 sec for the element to be clickable
17:04:01.241 INFO  utilities.GenericMethods -Element clicked on the webpage
17:04:01.247 INFO  utilities.GenericMethods -Implicitly waiting for 30secs
17:04:01.248 INFO  utilities.GenericMethods -Waiting for a max: 2 sec for the element to be clickable
17:04:04.062 ERROR utilities.GenericMethods -Element not clicked on the webpage
17:04:04.062 INFO  utilities.OnBoardingUtils -Inside handle language alert
17:04:04.063 INFO  utilities.GenericMethods -Waiting for a max: 5 sec for the element to be clickable
17:04:34.076 ERROR utilities.GenericMethods -Element not clicked on the webpage
17:04:34.076 INFO  utilities.GenericMethods -Waiting for a max: 1 sec for the element to be clickable
17:04:34.223 INFO  utilities.GenericMethods -Element clicked on the webpage
17:04:34.223 INFO  utilities.GenericMethods -Waiting for a max: 12 sec for the element to appear
17:04:39.311 INFO  utilities.GenericMethods -The Element that you waited for is now displayed on the webpage
17:04:39.311 INFO  utilities.GenericMethods -Element found with xpath: //div[@id='dijit__Templated_20']
17:04:39.322 INFO  utilities.OnBoardingUtils -Clicking on Feature Tour Skip
17:04:39.322 INFO  utilities.GenericMethods -Waiting for a max: 1 sec for the element to be clickable
17:04:39.501 INFO  utilities.GenericMethods -Element clicked on the webpage
17:04:44.542 INFO  utilities.GenericMethods -The Univerl-Search-Plus-Icon element at loction: By.xpath: //div[@id='shell_plus_PlusWidget_0'] is displayed
17:04:44.542 INFO  utilities.GenericMethods -Waiting for a max: 1 sec for the element to be clickable
17:04:44.620 INFO  utilities.GenericMethods -Element clicked on the webpage
17:04:46.620 INFO  utilities.GenericMethods -Element found with xpath: //table[@id='widgets_Menu_0']
17:04:46.646 INFO  flockClient.searchPlus -The options in the dropdown is displayed
17:04:46.678 INFO  utilities.GenericMethods -The Create-Channel-icon element at loction: By.xpath: //tr[@id='dijit__WidgetsInTemplateMixin_2']/td[2]/div[1] is displayed
17:04:46.717 INFO  utilities.GenericMethods -The Create-Channel-label element at loction: By.xpath: //tr[@id='dijit__WidgetsInTemplateMixin_2']//div[@class='plus-item__label'] is displayed
17:04:46.738 INFO  utilities.GenericMethods -THe text at locator: By.xpath: //tr[@id='dijit__WidgetsInTemplateMixin_2']//div[@class='plus-item__label'] is Create a new channel
17:04:46.786 INFO  utilities.GenericMethods -The text: Create a new channel displayed is correct
17:04:46.825 INFO  utilities.GenericMethods -The Create-Channel-sublabel element at loction: By.xpath: //tr[@id='dijit__WidgetsInTemplateMixin_2']//div[@class='plus-item__sublabel'] is displayed
17:04:46.848 INFO  utilities.GenericMethods -THe text at locator: By.xpath: //tr[@id='dijit__WidgetsInTemplateMixin_2']//div[@class='plus-item__sublabel'] is For your projects or topics
17:04:46.887 INFO  utilities.GenericMethods -The text: For your projects or topics displayed is correct
17:04:46.919 INFO  utilities.GenericMethods -The Create-Channel-icon element at loction: By.xpath: //tr[@id='dijit__WidgetsInTemplateMixin_1']/td[2]/div[1] is displayed
17:04:46.952 INFO  utilities.GenericMethods -The Create-Channel-label element at loction: By.xpath: //tr[@id='dijit__WidgetsInTemplateMixin_1']//div[@class='plus-item__label'] is displayed
17:04:46.977 INFO  utilities.GenericMethods -THe text at locator: By.xpath: //tr[@id='dijit__WidgetsInTemplateMixin_1']//div[@class='plus-item__label'] is Join Public Channels
17:04:47.011 INFO  utilities.GenericMethods -The text: Join Public Channels displayed is correct
17:04:47.027 INFO  utilities.GenericMethods -The Create-Channel-sublabel element at loction: By.xpath: //tr[@id='dijit__WidgetsInTemplateMixin_2']//div[@class='plus-item__sublabel'] is displayed
17:04:47.043 INFO  utilities.GenericMethods -THe text at locator: By.xpath: //tr[@id='dijit__WidgetsInTemplateMixin_2']//div[@class='plus-item__sublabel'] is For your projects or topics
17:04:47.065 ERROR utilities.GenericMethods -The text: For your projects or topics displayed is not correct
17:04:47.101 INFO  utilities.GenericMethods -The Create-Channel-icon element at loction: By.xpath: //tr[@id='dijit__WidgetsInTemplateMixin_3']/td[2]/div[1] is displayed
17:04:47.133 INFO  utilities.GenericMethods -The Create-Channel-label element at loction: By.xpath: //tr[@id='dijit__WidgetsInTemplateMixin_3']//div[@class='plus-item__label'] is displayed
17:04:47.160 INFO  utilities.GenericMethods -THe text at locator: By.xpath: //tr[@id='dijit__WidgetsInTemplateMixin_3']//div[@class='plus-item__label'] is Invite contacts
17:04:47.200 INFO  utilities.GenericMethods -The text: Invite contacts displayed is correct
17:04:47.238 INFO  utilities.GenericMethods -The Create-Channel-sublabel element at loction: By.xpath: //tr[@id='dijit__WidgetsInTemplateMixin_3']//div[@class='plus-item__sublabel'] is displayed
17:04:47.263 INFO  utilities.GenericMethods -THe text at locator: By.xpath: //tr[@id='dijit__WidgetsInTemplateMixin_3']//div[@class='plus-item__sublabel'] is Add members to your team
17:04:47.304 INFO  utilities.GenericMethods -The text: Add members to your team displayed is correct
17:04:47.306 INFO  utilities.GenericMethods -Waiting for a max: 2 sec for the element to be clickable
17:04:47.481 INFO  utilities.GenericMethods -Element clicked on the webpage
17:04:47.481 INFO  utilities.GenericMethods -Waiting for a max: 1 sec for the element to be clickable
17:04:47.691 INFO  utilities.GenericMethods -Element clicked on the webpage
17:04:47.692 INFO  utilities.GenericMethods -Waiting for a max: 1 sec for the element to be clickable
17:04:47.876 INFO  utilities.GenericMethods -Element clicked on the webpage
17:04:57.898 INFO  utilities.GenericMethods -Waiting for a max: 2 sec for the element to be clickable
17:04:58.111 ERROR utilities.GenericMethods -Element not clicked on the webpage
17:04:58.111 INFO  utilities.GenericMethods -Waiting for a max: 1 sec for the element to be clickable
17:05:28.123 ERROR utilities.GenericMethods -Element not clicked on the webpage
17:05:28.123 INFO  utilities.GenericMethods -Waiting for a max: 1 sec for the element to be clickable
17:05:58.145 ERROR utilities.GenericMethods -Element not clicked on the webpage
17:58:10.756 INFO  utilities.GenericMethods -Element found with xpath: //*[@id="globalButtonApps"]/div[1]
17:58:20.805 INFO  utilities.OnBoardingUtils -App not logged in. Try logging in default test account.
17:58:20.824 INFO  utilities.GenericMethods -Switched to iframe by int : 0
17:58:20.824 INFO  utilities.GenericMethods -Element found with xpath: //input[@placeholder='Enter your work email']
17:58:21.078 INFO  utilities.GenericMethods -Waiting for a max: 2 sec for the element to be clickable
17:58:21.350 INFO  utilities.GenericMethods -Element clicked on the webpage
17:58:21.350 INFO  utilities.GenericMethods -Waiting for a max: 2 sec for the element to be clickable
17:58:23.265 INFO  utilities.GenericMethods -Element clicked on the webpage
17:58:23.265 INFO  utilities.GenericMethods -Waiting for a max: 2 sec for the element to be send key
17:58:23.432 INFO  utilities.GenericMethods -Value Entered in the place holder
17:58:23.432 INFO  utilities.GenericMethods -Waiting for a max: 1 sec for the element to be clickable
17:58:23.621 INFO  utilities.GenericMethods -Element clicked on the webpage
17:58:23.627 INFO  utilities.GenericMethods -Implicitly waiting for 30secs
17:58:23.627 INFO  utilities.GenericMethods -Waiting for a max: 2 sec for the element to be clickable
17:58:26.468 ERROR utilities.GenericMethods -Element not clicked on the webpage
17:58:26.468 INFO  utilities.OnBoardingUtils -Inside handle language alert
17:58:26.469 INFO  utilities.GenericMethods -Waiting for a max: 5 sec for the element to be clickable
17:58:56.529 ERROR utilities.GenericMethods -Element not clicked on the webpage
17:58:56.529 INFO  utilities.GenericMethods -Waiting for a max: 1 sec for the element to be clickable
17:58:56.696 INFO  utilities.GenericMethods -Element clicked on the webpage
17:58:56.697 INFO  utilities.GenericMethods -Waiting for a max: 12 sec for the element to appear
17:59:01.769 INFO  utilities.GenericMethods -The Element that you waited for is now displayed on the webpage
17:59:01.769 INFO  utilities.GenericMethods -Element found with xpath: //div[@id='dijit__Templated_20']
17:59:01.782 INFO  utilities.OnBoardingUtils -Clicking on Feature Tour Skip
17:59:01.782 INFO  utilities.GenericMethods -Waiting for a max: 1 sec for the element to be clickable
17:59:01.975 INFO  utilities.GenericMethods -Element clicked on the webpage
17:59:07.065 INFO  utilities.GenericMethods -The Univerl-Search-Plus-Icon element at loction: By.xpath: //div[@id='shell_plus_PlusWidget_0'] is displayed
17:59:07.065 INFO  utilities.GenericMethods -Waiting for a max: 1 sec for the element to be clickable
17:59:07.231 INFO  utilities.GenericMethods -Element clicked on the webpage
17:59:09.232 INFO  utilities.GenericMethods -Element found with xpath: //table[@id='widgets_Menu_0']
17:59:09.266 INFO  flockClient.searchPlus -The options in the dropdown is displayed
17:59:09.302 INFO  utilities.GenericMethods -The Create-Channel-icon element at loction: By.xpath: //tr[@id='dijit__WidgetsInTemplateMixin_2']/td[2]/div[1] is displayed
17:59:09.336 INFO  utilities.GenericMethods -The Create-Channel-label element at loction: By.xpath: //tr[@id='dijit__WidgetsInTemplateMixin_2']//div[@class='plus-item__label'] is displayed
17:59:09.356 INFO  utilities.GenericMethods -THe text at locator: By.xpath: //tr[@id='dijit__WidgetsInTemplateMixin_2']//div[@class='plus-item__label'] is Create a new channel
17:59:09.398 INFO  utilities.GenericMethods -The text: Create a new channel displayed is correct
17:59:09.446 INFO  utilities.GenericMethods -The Create-Channel-sublabel element at loction: By.xpath: //tr[@id='dijit__WidgetsInTemplateMixin_2']//div[@class='plus-item__sublabel'] is displayed
17:59:09.470 INFO  utilities.GenericMethods -THe text at locator: By.xpath: //tr[@id='dijit__WidgetsInTemplateMixin_2']//div[@class='plus-item__sublabel'] is For your projects or topics
17:59:09.527 INFO  utilities.GenericMethods -The text: For your projects or topics displayed is correct
17:59:09.583 INFO  utilities.GenericMethods -The Create-Channel-icon element at loction: By.xpath: //tr[@id='dijit__WidgetsInTemplateMixin_1']/td[2]/div[1] is displayed
17:59:09.643 INFO  utilities.GenericMethods -The Create-Channel-label element at loction: By.xpath: //tr[@id='dijit__WidgetsInTemplateMixin_1']//div[@class='plus-item__label'] is displayed
17:59:09.670 INFO  utilities.GenericMethods -THe text at locator: By.xpath: //tr[@id='dijit__WidgetsInTemplateMixin_1']//div[@class='plus-item__label'] is Join Public Channels
17:59:09.709 INFO  utilities.GenericMethods -The text: Join Public Channels displayed is correct
17:59:09.727 INFO  utilities.GenericMethods -The Create-Channel-sublabel element at loction: By.xpath: //tr[@id='dijit__WidgetsInTemplateMixin_2']//div[@class='plus-item__sublabel'] is displayed
17:59:09.745 INFO  utilities.GenericMethods -THe text at locator: By.xpath: //tr[@id='dijit__WidgetsInTemplateMixin_2']//div[@class='plus-item__sublabel'] is For your projects or topics
17:59:09.772 ERROR utilities.GenericMethods -The text: For your projects or topics displayed is not correct
17:59:09.815 INFO  utilities.GenericMethods -The Create-Channel-icon element at loction: By.xpath: //tr[@id='dijit__WidgetsInTemplateMixin_3']/td[2]/div[1] is displayed
17:59:09.852 INFO  utilities.GenericMethods -The Create-Channel-label element at loction: By.xpath: //tr[@id='dijit__WidgetsInTemplateMixin_3']//div[@class='plus-item__label'] is displayed
17:59:09.876 INFO  utilities.GenericMethods -THe text at locator: By.xpath: //tr[@id='dijit__WidgetsInTemplateMixin_3']//div[@class='plus-item__label'] is Invite contacts
17:59:09.924 INFO  utilities.GenericMethods -The text: Invite contacts displayed is correct
17:59:09.966 INFO  utilities.GenericMethods -The Create-Channel-sublabel element at loction: By.xpath: //tr[@id='dijit__WidgetsInTemplateMixin_3']//div[@class='plus-item__sublabel'] is displayed
17:59:09.986 INFO  utilities.GenericMethods -THe text at locator: By.xpath: //tr[@id='dijit__WidgetsInTemplateMixin_3']//div[@class='plus-item__sublabel'] is Add members to your team
17:59:10.021 INFO  utilities.GenericMethods -The text: Add members to your team displayed is correct
17:59:10.024 INFO  utilities.GenericMethods -Waiting for a max: 2 sec for the element to be clickable
17:59:10.261 INFO  utilities.GenericMethods -Element clicked on the webpage
17:59:10.261 INFO  utilities.GenericMethods -Waiting for a max: 1 sec for the element to be clickable
17:59:10.479 INFO  utilities.GenericMethods -Element clicked on the webpage
17:59:10.479 INFO  utilities.GenericMethods -Waiting for a max: 1 sec for the element to be clickable
17:59:10.704 INFO  utilities.GenericMethods -Element clicked on the webpage
17:59:21.443 INFO  utilities.GenericMethods -Waiting for a max: 2 sec for the element to be clickable
17:59:21.685 ERROR utilities.GenericMethods -Element not clicked on the webpage
17:59:21.685 INFO  utilities.GenericMethods -Waiting for a max: 1 sec for the element to be clickable
17:59:51.710 ERROR utilities.GenericMethods -Element not clicked on the webpage
17:59:51.710 INFO  utilities.GenericMethods -Waiting for a max: 1 sec for the element to be clickable
18:00:21.744 ERROR utilities.GenericMethods -Element not clicked on the webpage
18:43:34.917 INFO  utilities.GenericMethods -Implicitly waiting for 50secs
18:43:34.948 INFO  utilities.GenericMethods -Switched to iframe by int : 0
18:43:34.951 INFO  utilities.GenericMethods -Waiting for a max: 5 sec for the element to be send key
18:43:35.282 INFO  utilities.GenericMethods -Value Entered in the place holder
18:43:35.283 INFO  utilities.GenericMethods -Waiting for a max: 1 sec for the element to be clickable
18:43:35.500 INFO  utilities.GenericMethods -Element clicked on the webpage
18:43:35.500 INFO  utilities.GenericMethods -Waiting for a max: 2 sec for the element to be clickable
18:43:36.864 INFO  utilities.GenericMethods -Element clicked on the webpage
18:43:36.865 INFO  utilities.GenericMethods -Waiting for a max: 1 sec for the element to be send key
18:43:37.017 INFO  utilities.GenericMethods -Value Entered in the place holder
18:43:37.017 INFO  utilities.GenericMethods -Waiting for a max: 1 sec for the element to be clickable
18:43:37.219 INFO  utilities.GenericMethods -Element clicked on the webpage
18:43:37.223 INFO  utilities.GenericMethods -Implicitly waiting for 60secs
18:44:34.357 INFO  utilities.GenericMethods -Implicitly waiting for 50secs
18:44:34.378 INFO  utilities.GenericMethods -Switched to iframe by int : 0
18:44:34.381 INFO  utilities.GenericMethods -Waiting for a max: 5 sec for the element to be send key
18:44:34.695 INFO  utilities.GenericMethods -Value Entered in the place holder
18:44:34.695 INFO  utilities.GenericMethods -Waiting for a max: 1 sec for the element to be clickable
18:44:34.931 INFO  utilities.GenericMethods -Element clicked on the webpage
18:44:34.932 INFO  utilities.GenericMethods -Waiting for a max: 2 sec for the element to be clickable
18:44:36.232 INFO  utilities.GenericMethods -Element clicked on the webpage
18:44:36.232 INFO  utilities.GenericMethods -Waiting for a max: 1 sec for the element to be send key
18:44:36.383 INFO  utilities.GenericMethods -Value Entered in the place holder
18:44:36.383 INFO  utilities.GenericMethods -Waiting for a max: 1 sec for the element to be clickable
18:44:36.591 INFO  utilities.GenericMethods -Element clicked on the webpage
18:44:36.595 INFO  utilities.GenericMethods -Implicitly waiting for 60secs
18:46:35.918 INFO  utilities.GenericMethods -Implicitly waiting for 50secs
18:46:35.964 INFO  utilities.GenericMethods -Switched to iframe by int : 0
18:46:35.969 INFO  utilities.GenericMethods -Waiting for a max: 5 sec for the element to be send key
18:46:36.298 INFO  utilities.GenericMethods -Value Entered in the place holder
18:46:36.299 INFO  utilities.GenericMethods -Waiting for a max: 1 sec for the element to be clickable
18:46:36.537 INFO  utilities.GenericMethods -Element clicked on the webpage
18:46:36.537 INFO  utilities.GenericMethods -Waiting for a max: 2 sec for the element to be clickable
18:46:38.066 INFO  utilities.GenericMethods -Element clicked on the webpage
18:46:38.066 INFO  utilities.GenericMethods -Waiting for a max: 1 sec for the element to be send key
18:46:38.246 INFO  utilities.GenericMethods -Value Entered in the place holder
18:46:38.246 INFO  utilities.GenericMethods -Waiting for a max: 1 sec for the element to be clickable
18:46:38.478 INFO  utilities.GenericMethods -Element clicked on the webpage
18:46:38.484 INFO  utilities.GenericMethods -Implicitly waiting for 60secs
18:47:56.389 INFO  utilities.GenericMethods -Implicitly waiting for 50secs
18:47:56.413 INFO  utilities.GenericMethods -Switched to iframe by int : 0
18:47:56.418 INFO  utilities.GenericMethods -Waiting for a max: 5 sec for the element to be send key
18:47:56.727 INFO  utilities.GenericMethods -Value Entered in the place holder
18:47:56.728 INFO  utilities.GenericMethods -Waiting for a max: 1 sec for the element to be clickable
18:47:57.020 INFO  utilities.GenericMethods -Element clicked on the webpage
18:47:57.020 INFO  utilities.GenericMethods -Waiting for a max: 2 sec for the element to be clickable
18:47:58.478 INFO  utilities.GenericMethods -Element clicked on the webpage
18:47:58.479 INFO  utilities.GenericMethods -Waiting for a max: 1 sec for the element to be send key
18:47:58.627 INFO  utilities.GenericMethods -Value Entered in the place holder
18:47:58.627 INFO  utilities.GenericMethods -Waiting for a max: 1 sec for the element to be clickable
18:47:58.834 INFO  utilities.GenericMethods -Element clicked on the webpage
18:47:58.839 INFO  utilities.GenericMethods -Implicitly waiting for 60secs
18:47:58.845 ERROR utilities.GenericMethods -Locator type not supported
18:48:35.467 INFO  utilities.GenericMethods -Implicitly waiting for 50secs
18:48:35.503 INFO  utilities.GenericMethods -Switched to iframe by int : 0
18:48:35.508 INFO  utilities.GenericMethods -Waiting for a max: 5 sec for the element to be send key
18:48:36.004 INFO  utilities.GenericMethods -Value Entered in the place holder
18:48:36.004 INFO  utilities.GenericMethods -Waiting for a max: 1 sec for the element to be clickable
18:48:36.243 INFO  utilities.GenericMethods -Element clicked on the webpage
18:48:36.243 INFO  utilities.GenericMethods -Waiting for a max: 2 sec for the element to be clickable
18:48:37.683 INFO  utilities.GenericMethods -Element clicked on the webpage
18:48:37.683 INFO  utilities.GenericMethods -Waiting for a max: 1 sec for the element to be send key
18:48:37.842 INFO  utilities.GenericMethods -Value Entered in the place holder
18:48:37.842 INFO  utilities.GenericMethods -Waiting for a max: 1 sec for the element to be clickable
18:48:38.094 INFO  utilities.GenericMethods -Element clicked on the webpage
18:48:38.098 INFO  utilities.GenericMethods -Implicitly waiting for 60secs
18:48:38.105 INFO  utilities.GenericMethods -Element found with xpath: .//div[@id='globalButtonApps']
18:50:20.739 INFO  utilities.GenericMethods -Implicitly waiting for 50secs
18:50:20.769 INFO  utilities.GenericMethods -Switched to iframe by int : 0
18:50:20.774 INFO  utilities.GenericMethods -Waiting for a max: 5 sec for the element to be send key
18:50:21.090 INFO  utilities.GenericMethods -Value Entered in the place holder
18:50:21.090 INFO  utilities.GenericMethods -Waiting for a max: 1 sec for the element to be clickable
18:50:21.381 INFO  utilities.GenericMethods -Element clicked on the webpage
18:50:21.381 INFO  utilities.GenericMethods -Waiting for a max: 2 sec for the element to be clickable
18:50:22.781 INFO  utilities.GenericMethods -Element clicked on the webpage
18:50:22.781 INFO  utilities.GenericMethods -Waiting for a max: 1 sec for the element to be send key
18:50:22.925 INFO  utilities.GenericMethods -Value Entered in the place holder
18:50:22.925 INFO  utilities.GenericMethods -Waiting for a max: 1 sec for the element to be clickable
18:50:23.118 INFO  utilities.GenericMethods -Element clicked on the webpage
18:50:23.122 INFO  utilities.GenericMethods -Implicitly waiting for 60secs
18:50:23.128 INFO  utilities.GenericMethods -Element found with xpath: .//div[@id='globalButtonApps']
19:05:25.511 INFO  utilities.GenericMethods -Implicitly waiting for 50secs
19:05:25.535 INFO  utilities.GenericMethods -Switched to iframe by int : 0
19:05:25.538 INFO  utilities.GenericMethods -Waiting for a max: 5 sec for the element to be send key
19:05:25.797 INFO  utilities.GenericMethods -Value Entered in the place holder
19:05:25.799 INFO  utilities.GenericMethods -Waiting for a max: 1 sec for the element to be clickable
19:05:26.032 INFO  utilities.GenericMethods -Element clicked on the webpage
19:05:26.032 INFO  utilities.GenericMethods -Waiting for a max: 2 sec for the element to be clickable
19:05:27.330 INFO  utilities.GenericMethods -Element clicked on the webpage
19:05:27.331 INFO  utilities.GenericMethods -Waiting for a max: 1 sec for the element to be send key
19:05:27.494 INFO  utilities.GenericMethods -Value Entered in the place holder
19:05:27.495 INFO  utilities.GenericMethods -Waiting for a max: 1 sec for the element to be clickable
19:05:27.703 INFO  utilities.GenericMethods -Element clicked on the webpage
19:05:27.710 INFO  utilities.GenericMethods -Implicitly waiting for 60secs
19:05:27.716 INFO  utilities.GenericMethods -Element found with xpath: .//div[@id='globalButtonApps']
19:16:31.875 INFO  utilities.GenericMethods -Element found with xpath: //*[@id="globalButtonApps"]/div[1]
19:16:41.936 INFO  utilities.OnBoardingUtils -App not logged in. Try logging in default test account.
19:16:41.956 INFO  utilities.GenericMethods -Switched to iframe by int : 0
19:16:41.957 INFO  utilities.GenericMethods -Element found with xpath: //input[@placeholder='Enter your work email']
19:16:42.173 INFO  utilities.GenericMethods -Waiting for a max: 2 sec for the element to be clickable
19:16:42.405 INFO  utilities.GenericMethods -Element clicked on the webpage
19:16:42.406 INFO  utilities.GenericMethods -Waiting for a max: 2 sec for the element to be clickable
19:16:43.757 INFO  utilities.GenericMethods -Element clicked on the webpage
19:16:43.758 INFO  utilities.GenericMethods -Waiting for a max: 2 sec for the element to be send key
19:16:43.928 INFO  utilities.GenericMethods -Value Entered in the place holder
19:16:43.928 INFO  utilities.GenericMethods -Waiting for a max: 1 sec for the element to be clickable
19:16:44.171 INFO  utilities.GenericMethods -Element clicked on the webpage
19:16:44.175 INFO  utilities.GenericMethods -Implicitly waiting for 30secs
19:16:44.176 INFO  utilities.GenericMethods -Waiting for a max: 2 sec for the element to be clickable
19:16:47.009 ERROR utilities.GenericMethods -Element not clicked on the webpage
19:16:47.010 INFO  utilities.OnBoardingUtils -Inside handle language alert
19:16:47.010 INFO  utilities.GenericMethods -Waiting for a max: 5 sec for the element to be clickable
19:17:17.052 ERROR utilities.GenericMethods -Element not clicked on the webpage
19:17:17.052 INFO  utilities.GenericMethods -Waiting for a max: 1 sec for the element to be clickable
19:17:17.219 INFO  utilities.GenericMethods -Element clicked on the webpage
19:17:17.219 INFO  utilities.GenericMethods -Waiting for a max: 12 sec for the element to appear
19:17:22.322 INFO  utilities.GenericMethods -The Element that you waited for is now displayed on the webpage
19:17:22.322 INFO  utilities.GenericMethods -Element found with xpath: //div[@id='dijit__Templated_20']
19:17:22.335 INFO  utilities.OnBoardingUtils -Clicking on Feature Tour Skip
19:17:22.336 INFO  utilities.GenericMethods -Waiting for a max: 1 sec for the element to be clickable
19:17:22.516 INFO  utilities.GenericMethods -Element clicked on the webpage
19:17:27.602 INFO  utilities.GenericMethods -The Univerl-Search-Plus-Icon element at loction: By.xpath: //div[@id='shell_plus_PlusWidget_0'] is displayed
19:17:27.602 INFO  utilities.GenericMethods -Waiting for a max: 1 sec for the element to be clickable
19:17:27.666 INFO  utilities.GenericMethods -Element clicked on the webpage
19:17:29.667 INFO  utilities.GenericMethods -Element found with xpath: //table[@id='widgets_Menu_0']
19:17:29.705 INFO  flockClient.searchPlus -The options in the dropdown is displayed
19:17:29.705 INFO  utilities.GenericMethods -Element found with xpath: //tr[@id='dijit__WidgetsInTemplateMixin_2']/td[2]/div[1]
19:17:29.763 INFO  utilities.GenericMethods -The Create-Channel-icon element at loction: By.xpath: //tr[@id='dijit__WidgetsInTemplateMixin_2']/td[2]/div[1] is displayed
19:17:29.800 INFO  utilities.GenericMethods -The Create-Channel-label element at loction: By.xpath: //tr[@id='dijit__WidgetsInTemplateMixin_2']//div[@class='plus-item__label'] is displayed
19:17:29.823 INFO  utilities.GenericMethods -THe text at locator: By.xpath: //tr[@id='dijit__WidgetsInTemplateMixin_2']//div[@class='plus-item__label'] is Create a new channel
19:17:29.863 INFO  utilities.GenericMethods -The text: Create a new channel displayed is correct
19:17:29.898 INFO  utilities.GenericMethods -The Create-Channel-sublabel element at loction: By.xpath: //tr[@id='dijit__WidgetsInTemplateMixin_2']//div[@class='plus-item__sublabel'] is displayed
19:17:29.920 INFO  utilities.GenericMethods -THe text at locator: By.xpath: //tr[@id='dijit__WidgetsInTemplateMixin_2']//div[@class='plus-item__sublabel'] is For your projects or topics
19:17:29.960 INFO  utilities.GenericMethods -The text: For your projects or topics displayed is correct
19:17:29.960 INFO  utilities.GenericMethods -Element found with xpath: //tr[@id='dijit__WidgetsInTemplateMixin_1']/td[2]/div[1]
19:17:30.028 INFO  utilities.GenericMethods -The Create-Channel-icon element at loction: By.xpath: //tr[@id='dijit__WidgetsInTemplateMixin_1']/td[2]/div[1] is displayed
19:17:30.071 INFO  utilities.GenericMethods -The Create-Channel-label element at loction: By.xpath: //tr[@id='dijit__WidgetsInTemplateMixin_1']//div[@class='plus-item__label'] is displayed
19:17:30.094 INFO  utilities.GenericMethods -THe text at locator: By.xpath: //tr[@id='dijit__WidgetsInTemplateMixin_1']//div[@class='plus-item__label'] is Join Public Channels
19:17:30.131 INFO  utilities.GenericMethods -The text: Join Public Channels displayed is correct
19:17:30.149 INFO  utilities.GenericMethods -The Create-Channel-sublabel element at loction: By.xpath: //tr[@id='dijit__WidgetsInTemplateMixin_2']//div[@class='plus-item__sublabel'] is displayed
19:17:30.166 INFO  utilities.GenericMethods -THe text at locator: By.xpath: //tr[@id='dijit__WidgetsInTemplateMixin_2']//div[@class='plus-item__sublabel'] is For your projects or topics
19:17:30.197 ERROR utilities.GenericMethods -The text: For your projects or topics displayed is not correct
19:17:30.198 INFO  utilities.GenericMethods -Element found with xpath: //tr[@id='dijit__WidgetsInTemplateMixin_3']/td[2]/div[1]
19:17:30.259 INFO  utilities.GenericMethods -The Create-Channel-icon element at loction: By.xpath: //tr[@id='dijit__WidgetsInTemplateMixin_3']/td[2]/div[1] is displayed
19:17:30.297 INFO  utilities.GenericMethods -The Create-Channel-label element at loction: By.xpath: //tr[@id='dijit__WidgetsInTemplateMixin_3']//div[@class='plus-item__label'] is displayed
19:17:30.317 INFO  utilities.GenericMethods -THe text at locator: By.xpath: //tr[@id='dijit__WidgetsInTemplateMixin_3']//div[@class='plus-item__label'] is Invite contacts
19:17:30.357 INFO  utilities.GenericMethods -The text: Invite contacts displayed is correct
19:17:30.389 INFO  utilities.GenericMethods -The Create-Channel-sublabel element at loction: By.xpath: //tr[@id='dijit__WidgetsInTemplateMixin_3']//div[@class='plus-item__sublabel'] is displayed
19:17:30.413 INFO  utilities.GenericMethods -THe text at locator: By.xpath: //tr[@id='dijit__WidgetsInTemplateMixin_3']//div[@class='plus-item__sublabel'] is Add members to your team
19:17:30.462 INFO  utilities.GenericMethods -The text: Add members to your team displayed is correct
19:17:30.465 INFO  utilities.GenericMethods -Waiting for a max: 2 sec for the element to be clickable
19:17:30.673 INFO  utilities.GenericMethods -Element clicked on the webpage
19:17:30.673 INFO  utilities.GenericMethods -Waiting for a max: 1 sec for the element to be clickable
19:17:30.887 INFO  utilities.GenericMethods -Element clicked on the webpage
19:17:30.887 INFO  utilities.GenericMethods -Waiting for a max: 1 sec for the element to be clickable
19:17:31.181 INFO  utilities.GenericMethods -Element clicked on the webpage
19:17:41.827 INFO  utilities.GenericMethods -Waiting for a max: 2 sec for the element to be clickable
19:17:42.245 ERROR utilities.GenericMethods -Element not clicked on the webpage
19:17:42.246 INFO  utilities.GenericMethods -Waiting for a max: 1 sec for the element to be clickable
19:18:12.292 ERROR utilities.GenericMethods -Element not clicked on the webpage
19:18:12.293 INFO  utilities.GenericMethods -Waiting for a max: 1 sec for the element to be clickable
19:18:42.305 ERROR utilities.GenericMethods -Element not clicked on the webpage
