17:37:01.364 DEBUG utilities.GenericMethods -Type: xpath, Locator: //div[@id="globalButtonApps"]/div[1]
17:37:01.381 DEBUG utilities.GenericMethods -Searching element list using By.xpath(//div[@id="globalButtonApps"]/div[1])
17:37:11.462 INFO  utilities.GenericMethods -Element not found with xpath: //div[@id="globalButtonApps"]/div[1]
17:37:11.462 INFO  utilities.OnBoardingUtils -App not logged in. Try logging in default test account.
17:37:11.546 INFO  utilities.GenericMethods -Switched to iframe by int : 0
17:37:11.547 DEBUG utilities.GenericMethods -Searching element using By.xpath(//input[@placeholder='Enter your work email'])
17:37:11.688 INFO  utilities.GenericMethods -Element not found with xpath: //input[@placeholder='Enter your work email']
17:37:12.239 INFO  utilities.GenericMethods -Waiting for a max: 2 sec for the element to be clickable
17:37:12.654 INFO  utilities.GenericMethods -Element clicked on the webpage
17:37:12.655 INFO  utilities.GenericMethods -Waiting for a max: 2 sec for the element to be clickable
17:37:16.284 DEBUG utilities.GenericMethods -Type: xpath, Locator: //div[@id="globalButtonApps"]/div[1]
17:37:16.285 DEBUG utilities.GenericMethods -Searching element list using By.xpath(//div[@id="globalButtonApps"]/div[1])
17:37:22.717 ERROR utilities.GenericMethods -Element not clicked on the webpage
17:37:22.718 INFO  utilities.GenericMethods -Waiting for a max: 2 sec for the element to be send key
17:37:26.313 INFO  utilities.GenericMethods -Element not found with xpath: //div[@id="globalButtonApps"]/div[1]
17:37:26.314 INFO  utilities.OnBoardingUtils -App not logged in. Try logging in default test account.
17:37:26.329 INFO  utilities.GenericMethods -Switched to iframe by int : 0
17:37:26.329 DEBUG utilities.GenericMethods -Searching element using By.xpath(//input[@placeholder='Enter your work email'])
17:37:26.345 INFO  utilities.GenericMethods -Element not found with xpath: //input[@placeholder='Enter your work email']
17:37:26.541 INFO  utilities.GenericMethods -Waiting for a max: 2 sec for the element to be clickable
17:37:27.014 INFO  utilities.GenericMethods -Element clicked on the webpage
17:37:27.014 INFO  utilities.GenericMethods -Waiting for a max: 2 sec for the element to be clickable
17:37:32.763 ERROR utilities.GenericMethods -Element not displayed on the webpage
17:37:32.763 INFO  utilities.GenericMethods -Waiting for a max: 1 sec for the element to be clickable
17:37:36.809 ERROR utilities.GenericMethods -Element not clicked on the webpage
17:37:36.816 INFO  utilities.GenericMethods -Implicitly waiting for 30secs
17:37:37.045 ERROR utilities.GenericMethods -Element not clicked on the webpage
17:37:37.045 INFO  utilities.GenericMethods -Waiting for a max: 2 sec for the element to be send key
17:37:39.922 ERROR utilities.GenericMethods -Element not displayed on the webpage
17:37:39.922 INFO  utilities.GenericMethods -Waiting for a max: 1 sec for the element to be clickable
17:37:41.639 ERROR utilities.GenericMethods -Element not clicked on the webpage
17:37:41.816 DEBUG utilities.GenericMethods -Type: xpath, Locator: .//div[@style='position: absolute; opacity: 1; left: 750px; top: 106px; z-index: 950;']/div[@class='dijitDialogPaneContent']
17:37:41.817 DEBUG utilities.GenericMethods -Searching element list using By.xpath(.//div[@style='position: absolute; opacity: 1; left: 750px; top: 106px; z-index: 950;']/div[@class='dijitDialogPaneContent'])
17:39:46.860 DEBUG utilities.GenericMethods -Type: xpath, Locator: //div[@id="globalButtonApps"]/div[1]
17:39:46.868 DEBUG utilities.GenericMethods -Searching element list using By.xpath(//div[@id="globalButtonApps"]/div[1])
17:39:56.909 INFO  utilities.GenericMethods -Element not found with xpath: //div[@id="globalButtonApps"]/div[1]
17:39:56.910 INFO  utilities.OnBoardingUtils -App not logged in. Try logging in default test account.
17:39:56.935 INFO  utilities.GenericMethods -Switched to iframe by int : 0
17:39:56.936 DEBUG utilities.GenericMethods -Searching element using By.xpath(//input[@placeholder='Enter your work email'])
17:39:56.973 INFO  utilities.GenericMethods -Element not found with xpath: //input[@placeholder='Enter your work email']
17:39:57.215 INFO  utilities.GenericMethods -Waiting for a max: 2 sec for the element to be clickable
17:39:57.562 INFO  utilities.GenericMethods -Element clicked on the webpage
17:39:57.562 INFO  utilities.GenericMethods -Waiting for a max: 2 sec for the element to be clickable
17:39:58.966 DEBUG utilities.GenericMethods -Type: xpath, Locator: //div[@id="globalButtonApps"]/div[1]
17:39:58.967 DEBUG utilities.GenericMethods -Searching element list using By.xpath(//div[@id="globalButtonApps"]/div[1])
17:39:59.370 INFO  utilities.GenericMethods -Element clicked on the webpage
17:39:59.371 INFO  utilities.GenericMethods -Waiting for a max: 2 sec for the element to be send key
17:39:59.876 INFO  utilities.GenericMethods -Value Entered in the place holder
17:39:59.876 INFO  utilities.GenericMethods -Waiting for a max: 1 sec for the element to be clickable
17:40:00.242 INFO  utilities.GenericMethods -Element clicked on the webpage
17:40:00.255 INFO  utilities.GenericMethods -Implicitly waiting for 30secs
17:40:05.255 DEBUG utilities.GenericMethods -Type: xpath, Locator: .//div[@style='position: absolute; opacity: 1; left: 750px; top: 106px; z-index: 950;']/div[@class='dijitDialogPaneContent']
17:40:05.255 DEBUG utilities.GenericMethods -Searching element list using By.xpath(.//div[@style='position: absolute; opacity: 1; left: 750px; top: 106px; z-index: 950;']/div[@class='dijitDialogPaneContent'])
17:40:08.988 INFO  utilities.GenericMethods -Element not found with xpath: //div[@id="globalButtonApps"]/div[1]
17:40:08.988 INFO  utilities.OnBoardingUtils -App not logged in. Try logging in default test account.
17:40:09.012 INFO  utilities.GenericMethods -Switched to iframe by int : 0
17:40:09.012 DEBUG utilities.GenericMethods -Searching element using By.xpath(//input[@placeholder='Enter your work email'])
17:40:09.021 INFO  utilities.GenericMethods -Element not found with xpath: //input[@placeholder='Enter your work email']
17:40:09.216 INFO  utilities.GenericMethods -Waiting for a max: 2 sec for the element to be clickable
17:40:09.605 INFO  utilities.GenericMethods -Element clicked on the webpage
17:40:09.605 INFO  utilities.GenericMethods -Waiting for a max: 2 sec for the element to be clickable
17:40:10.926 INFO  utilities.GenericMethods -Element clicked on the webpage
17:40:10.926 INFO  utilities.GenericMethods -Waiting for a max: 2 sec for the element to be send key
17:40:11.015 INFO  utilities.GenericMethods -Value Entered in the place holder
17:40:11.016 INFO  utilities.GenericMethods -Waiting for a max: 1 sec for the element to be clickable
17:40:11.318 INFO  utilities.GenericMethods -Element clicked on the webpage
17:40:11.325 INFO  utilities.GenericMethods -Implicitly waiting for 30secs
17:40:16.325 DEBUG utilities.GenericMethods -Type: xpath, Locator: .//div[@style='position: absolute; opacity: 1; left: 750px; top: 106px; z-index: 950;']/div[@class='dijitDialogPaneContent']
17:40:16.325 DEBUG utilities.GenericMethods -Searching element list using By.xpath(.//div[@style='position: absolute; opacity: 1; left: 750px; top: 106px; z-index: 950;']/div[@class='dijitDialogPaneContent'])
17:40:35.571 INFO  utilities.GenericMethods -Element not found with xpath: .//div[@style='position: absolute; opacity: 1; left: 750px; top: 106px; z-index: 950;']/div[@class='dijitDialogPaneContent']
17:40:35.571 INFO  utilities.OnBoardingUtils -Language conflict modal not shown
17:40:35.572 INFO  utilities.GenericMethods -Waiting for a max: 1 sec for the element to be clickable
17:40:35.950 ERROR utilities.GenericMethods -Element not clicked on the webpage
17:40:35.950 INFO  utilities.GenericMethods -Waiting for a max: 12 sec for the element to appear
17:40:56.119 ERROR utilities.GenericMethods -The Element that you waited for is not displayed on the webpage
17:40:56.119 DEBUG utilities.GenericMethods -Type: xpath, Locator: //div[@id='dijit__Templated_20']
17:40:56.120 DEBUG utilities.GenericMethods -Searching element list using By.xpath(//div[@id='dijit__Templated_20'])
17:41:31.047 DEBUG utilities.GenericMethods -Type: xpath, Locator: //div[@id="globalButtonApps"]/div[1]
17:41:31.052 DEBUG utilities.GenericMethods -Searching element list using By.xpath(//div[@id="globalButtonApps"]/div[1])
17:41:41.131 INFO  utilities.GenericMethods -Element not found with xpath: //div[@id="globalButtonApps"]/div[1]
17:41:41.131 INFO  utilities.OnBoardingUtils -App not logged in. Try logging in default test account.
17:41:41.164 INFO  utilities.GenericMethods -Switched to iframe by int : 0
17:41:41.164 DEBUG utilities.GenericMethods -Searching element using By.xpath(//input[@placeholder='Enter your work email'])
17:41:41.295 INFO  utilities.GenericMethods -Element not found with xpath: //input[@placeholder='Enter your work email']
17:41:42.071 DEBUG utilities.GenericMethods -Type: xpath, Locator: //div[@id="globalButtonApps"]/div[1]
17:41:42.072 DEBUG utilities.GenericMethods -Searching element list using By.xpath(//div[@id="globalButtonApps"]/div[1])
17:41:42.545 INFO  utilities.GenericMethods -Waiting for a max: 2 sec for the element to be clickable
17:41:42.865 INFO  utilities.GenericMethods -Element clicked on the webpage
17:41:42.866 INFO  utilities.GenericMethods -Waiting for a max: 2 sec for the element to be clickable
17:41:44.943 INFO  utilities.GenericMethods -Element clicked on the webpage
17:41:44.944 INFO  utilities.GenericMethods -Waiting for a max: 2 sec for the element to be send key
17:41:45.149 INFO  utilities.GenericMethods -Value Entered in the place holder
17:41:45.149 INFO  utilities.GenericMethods -Waiting for a max: 1 sec for the element to be clickable
17:41:45.375 INFO  utilities.GenericMethods -Element clicked on the webpage
17:41:45.380 INFO  utilities.GenericMethods -Implicitly waiting for 30secs
17:41:50.381 DEBUG utilities.GenericMethods -Type: xpath, Locator: .//div[@style='position: absolute; opacity: 1; left: 750px; top: 106px; z-index: 950;']/div[@class='dijitDialogPaneContent']
17:41:50.381 DEBUG utilities.GenericMethods -Searching element list using By.xpath(.//div[@style='position: absolute; opacity: 1; left: 750px; top: 106px; z-index: 950;']/div[@class='dijitDialogPaneContent'])
17:41:52.108 INFO  utilities.GenericMethods -Element not found with xpath: //div[@id="globalButtonApps"]/div[1]
17:41:52.108 INFO  utilities.OnBoardingUtils -App not logged in. Try logging in default test account.
17:41:52.118 INFO  utilities.GenericMethods -Switched to iframe by int : 0
17:41:52.118 DEBUG utilities.GenericMethods -Searching element using By.xpath(//input[@placeholder='Enter your work email'])
17:41:52.129 INFO  utilities.GenericMethods -Element not found with xpath: //input[@placeholder='Enter your work email']
17:41:52.243 INFO  utilities.GenericMethods -Waiting for a max: 2 sec for the element to be clickable
17:41:52.656 INFO  utilities.GenericMethods -Element clicked on the webpage
17:41:52.656 INFO  utilities.GenericMethods -Waiting for a max: 2 sec for the element to be clickable
17:41:54.109 INFO  utilities.GenericMethods -Element clicked on the webpage
17:41:54.109 INFO  utilities.GenericMethods -Waiting for a max: 2 sec for the element to be send key
17:41:54.245 INFO  utilities.GenericMethods -Value Entered in the place holder
17:41:54.245 INFO  utilities.GenericMethods -Waiting for a max: 1 sec for the element to be clickable
17:41:54.598 INFO  utilities.GenericMethods -Element clicked on the webpage
17:41:54.612 INFO  utilities.GenericMethods -Implicitly waiting for 30secs
17:41:59.613 DEBUG utilities.GenericMethods -Type: xpath, Locator: .//div[@style='position: absolute; opacity: 1; left: 750px; top: 106px; z-index: 950;']/div[@class='dijitDialogPaneContent']
17:41:59.613 DEBUG utilities.GenericMethods -Searching element list using By.xpath(.//div[@style='position: absolute; opacity: 1; left: 750px; top: 106px; z-index: 950;']/div[@class='dijitDialogPaneContent'])
17:42:20.804 INFO  utilities.GenericMethods -Element not found with xpath: .//div[@style='position: absolute; opacity: 1; left: 750px; top: 106px; z-index: 950;']/div[@class='dijitDialogPaneContent']
17:42:20.804 INFO  utilities.OnBoardingUtils -Language conflict modal not shown
17:42:20.804 INFO  utilities.GenericMethods -Waiting for a max: 1 sec for the element to be clickable
17:42:20.954 INFO  utilities.GenericMethods -Element clicked on the webpage
17:42:20.955 INFO  utilities.GenericMethods -Waiting for a max: 12 sec for the element to appear
17:42:21.014 INFO  utilities.GenericMethods -The Element that you waited for is now displayed on the webpage
17:42:21.014 DEBUG utilities.GenericMethods -Type: xpath, Locator: //div[@id='dijit__Templated_20']
17:42:21.014 DEBUG utilities.GenericMethods -Searching element list using By.xpath(//div[@id='dijit__Templated_20'])
17:42:21.026 INFO  utilities.GenericMethods -Element found with xpath: //div[@id='dijit__Templated_20']
17:42:21.026 INFO  utilities.OnBoardingUtils -Clicking on Feature Tour Skip
17:42:21.027 INFO  utilities.GenericMethods -Waiting for a max: 1 sec for the element to be clickable
17:42:26.157 INFO  utilities.GenericMethods -Element clicked on the webpage
17:42:26.167 INFO  utilities.GenericMethods -Implicitly waiting for 40secs
17:42:26.187 INFO  utilities.GenericMethods -Switched to iframe by int : 0
17:42:26.187 INFO  utilities.GenericMethods -Waiting for a max: 1 sec for the element to be send key
17:43:06.209 ERROR utilities.GenericMethods -Element not displayed on the webpage
17:43:06.210 INFO  utilities.GenericMethods -Waiting for a max: 1 sec for the element to be clickable
17:43:46.285 ERROR utilities.GenericMethods -Element not clicked on the webpage
17:43:46.285 INFO  utilities.GenericMethods -Waiting for a max: 2 sec for the element to be clickable
17:44:26.304 ERROR utilities.GenericMethods -Element not clicked on the webpage
17:44:26.304 INFO  utilities.GenericMethods -Waiting for a max: 1 sec for the element to be send key
17:51:17.810 INFO  utilities.GenericMethods -Implicitly waiting for 40secs
17:51:17.839 INFO  utilities.GenericMethods -Switched to iframe by int : 0
17:51:17.844 INFO  utilities.GenericMethods -Waiting for a max: 1 sec for the element to be send key
17:51:18.393 INFO  utilities.GenericMethods -Value Entered in the place holder
17:51:18.394 INFO  utilities.GenericMethods -Waiting for a max: 1 sec for the element to be clickable
17:51:18.776 INFO  utilities.GenericMethods -Element clicked on the webpage
17:51:18.776 INFO  utilities.GenericMethods -Waiting for a max: 2 sec for the element to be clickable
17:51:20.198 INFO  utilities.GenericMethods -Element clicked on the webpage
17:51:20.199 INFO  utilities.GenericMethods -Waiting for a max: 1 sec for the element to be send key
17:51:20.404 INFO  utilities.GenericMethods -Value Entered in the place holder
17:51:20.404 INFO  utilities.GenericMethods -Waiting for a max: 1 sec for the element to be clickable
17:51:20.658 INFO  utilities.GenericMethods -Element clicked on the webpage
17:51:33.615 INFO  utilities.GenericMethods -Implicitly waiting for 40secs
17:51:33.630 INFO  utilities.GenericMethods -Switched to iframe by int : 0
17:51:33.630 INFO  utilities.GenericMethods -Waiting for a max: 1 sec for the element to be send key
17:51:33.904 INFO  utilities.GenericMethods -Value Entered in the place holder
17:51:33.904 INFO  utilities.GenericMethods -Waiting for a max: 1 sec for the element to be clickable
17:51:34.266 INFO  utilities.GenericMethods -Element clicked on the webpage
17:51:34.267 INFO  utilities.GenericMethods -Waiting for a max: 2 sec for the element to be clickable
17:51:35.662 INFO  utilities.GenericMethods -Element clicked on the webpage
17:51:35.662 INFO  utilities.GenericMethods -Waiting for a max: 1 sec for the element to be send key
17:51:35.756 INFO  utilities.GenericMethods -Value Entered in the place holder
17:51:35.757 INFO  utilities.GenericMethods -Waiting for a max: 1 sec for the element to be clickable
17:51:36.071 INFO  utilities.GenericMethods -Element clicked on the webpage
