17:05:55.421 INFO  utilities.GenericMethods -THe text at locator: By.xpath: //textarea[@class='input'] is 
17:05:55.493 INFO  utilities.GenericMethods -The text:  displayed is correct
17:05:55.493 INFO  utilities.GenericMethods -Waiting for a max: 2 sec for the element to be send key
17:05:55.857 INFO  utilities.GenericMethods -Value Entered in the place holder
17:05:55.917 INFO  utilities.GenericMethods -The element at loction: By.xpath: //span[@class='attachFileLogo'] is displayed
17:05:55.979 INFO  utilities.GenericMethods -The element at loction: By.xpath: //span[@class='uploadMessage'] is displayed
17:05:56.055 INFO  utilities.GenericMethods -THe text at locator: By.xpath: //span[@class='uploadMessage'] is Log file attached
17:05:56.103 INFO  utilities.GenericMethods -The text: Log file attached displayed is correct
17:05:56.177 INFO  utilities.GenericMethods -The field is cleared
17:05:56.275 INFO  utilities.GenericMethods -The field is cleared
17:05:56.352 INFO  utilities.GenericMethods -The field is cleared
17:05:56.424 INFO  utilities.GenericMethods -The element at loction: By.xpath: //button[@class='btn btn--action btn--reportBug'] is displayed
17:05:56.495 INFO  utilities.GenericMethods -THe text at locator: By.xpath: //button[@class='btn btn--action btn--reportBug'] is Send Request
17:05:56.570 INFO  utilities.GenericMethods -The text: Send Request displayed is correct
17:05:56.571 INFO  utilities.GenericMethods -Waiting for a max: 2 sec for the element to be clickable
17:05:56.911 INFO  utilities.GenericMethods -Element clicked on the webpage
17:05:59.979 INFO  utilities.GenericMethods -The element at loction: By.xpath: //div[@data-dojo-attach-point='_enteredEmailError'] is displayed
17:06:00.158 INFO  utilities.GenericMethods -THe text at locator: By.xpath: //div[@data-dojo-attach-point='_enteredEmailError'] is Please enter your email address
17:06:00.339 INFO  utilities.GenericMethods -The text: Please enter your email address displayed is correct
17:06:00.538 INFO  utilities.GenericMethods -The element at loction: By.xpath: //div[@data-dojo-attach-point='_descriptionError'] is displayed
17:06:00.724 INFO  utilities.GenericMethods -THe text at locator: By.xpath: //div[@data-dojo-attach-point='_descriptionError'] is Please describe your issue
17:06:00.903 INFO  utilities.GenericMethods -The text: Please describe your issue displayed is correct
17:06:01.032 INFO  utilities.GenericMethods -The element at loction: By.xpath: //button[@class='btn btn--action btn--cancel btn--reportBug'] is displayed
17:06:01.124 INFO  utilities.GenericMethods -THe text at locator: By.xpath: //button[@class='btn btn--action btn--cancel btn--reportBug'] is Cancel
17:06:01.220 INFO  utilities.GenericMethods -The text: Cancel displayed is correct
17:06:01.220 INFO  utilities.GenericMethods -Waiting for a max: 2 sec for the element to be clickable
17:06:01.640 INFO  utilities.GenericMethods -Element clicked on the webpage
17:06:01.875 INFO  utilities.GenericMethods -The element at loction: By.xpath: //div[@id='uniqName_15_0']//h5 is displayed
17:06:01.987 INFO  utilities.GenericMethods -THe text at locator: By.xpath: //div[@id='uniqName_15_0']//h5 is Enter your official email address to continue
17:06:02.115 INFO  utilities.GenericMethods -The text: Enter your official email address to continue displayed is correct
17:06:02.272 INFO  utilities.GenericMethods -The element at loction: By.xpath: //input[@class='input'] is displayed
17:06:02.416 INFO  utilities.GenericMethods -THe text at locator: By.xpath: //input[@class='input'] is 
17:06:02.492 INFO  utilities.GenericMethods -The text:  displayed is correct
17:06:02.636 INFO  utilities.GenericMethods -The element at loction: By.xpath: //a[@class='btn btn--action btn--block'] is displayed
17:06:02.741 INFO  utilities.GenericMethods -THe text at locator: By.xpath: //a[@class='btn btn--action btn--block'] is Login or Create a Team
17:06:02.916 INFO  utilities.GenericMethods -The text: Login or Create a Team displayed is correct
17:06:03.031 INFO  utilities.GenericMethods -The element at loction: By.xpath: //div[@class='onboarding-sidebar'] is displayed
17:06:03.038 INFO  utilities.GenericMethods -Waiting for a max: 1 sec for the element to be send key
17:06:03.292 INFO  utilities.GenericMethods -Value Entered in the place holder
17:06:03.292 INFO  utilities.GenericMethods -Waiting for a max: 1 sec for the element to be clickable
17:06:03.655 INFO  utilities.GenericMethods -Element clicked on the webpage
17:06:03.819 INFO  utilities.GenericMethods -The element: By.xpath: //div[@class='errorMessage'] is displayed.
17:06:03.951 INFO  utilities.GenericMethods -THe text at locator: By.xpath: //div[@class='errorMessage'] is Enter a valid email address
17:06:04.059 INFO  utilities.GenericMethods -The field is cleared
17:06:04.063 INFO  utilities.GenericMethods -Waiting for a max: 1 sec for the element to be send key
17:06:04.270 INFO  utilities.GenericMethods -Value Entered in the place holder
17:06:04.270 INFO  utilities.GenericMethods -Waiting for a max: 1 sec for the element to be clickable
17:06:04.511 INFO  utilities.GenericMethods -Element clicked on the webpage
17:06:04.570 INFO  utilities.GenericMethods -The element: By.xpath: //div[@class='errorMessage'] is displayed.
17:06:04.635 INFO  utilities.GenericMethods -THe text at locator: By.xpath: //div[@class='errorMessage'] is Enter a valid email address
17:06:04.693 INFO  utilities.GenericMethods -The field is cleared
17:06:04.696 INFO  utilities.GenericMethods -Waiting for a max: 1 sec for the element to be send key
17:06:05.085 INFO  utilities.GenericMethods -Value Entered in the place holder
17:06:05.085 INFO  utilities.GenericMethods -Waiting for a max: 1 sec for the element to be clickable
17:06:05.296 INFO  utilities.GenericMethods -Element clicked on the webpage
17:06:05.389 INFO  utilities.GenericMethods -The element: By.xpath: //div[@class='errorMessage'] is displayed.
17:06:05.468 INFO  utilities.GenericMethods -THe text at locator: By.xpath: //div[@class='errorMessage'] is Enter a valid email address
17:06:05.543 INFO  utilities.GenericMethods -The field is cleared
17:06:05.547 INFO  utilities.GenericMethods -Waiting for a max: 1 sec for the element to be send key
17:06:05.901 INFO  utilities.GenericMethods -Value Entered in the place holder
17:06:05.902 INFO  utilities.GenericMethods -Waiting for a max: 1 sec for the element to be clickable
17:06:06.179 INFO  utilities.GenericMethods -Element clicked on the webpage
17:06:06.189 INFO  utilities.GenericMethods -Implicitly waiting for 10secs
17:06:06.189 INFO  utilities.GenericMethods -Waiting for a max: 10 sec for the element to appear
17:06:07.591 INFO  utilities.GenericMethods -The Element that you waited for is now displayed on the webpage
17:06:07.879 INFO  utilities.GenericMethods -The element at loction: By.xpath: //div[@id='uniqName_17_0']//h2 is displayed
17:06:08.105 INFO  utilities.GenericMethods -THe text at locator: By.xpath: //div[@id='uniqName_17_0']//h2 is directi.com uses
Google apps
17:06:08.247 ERROR utilities.GenericMethods -The text: directi.com uses
Google apps displayed is not correct
17:06:08.387 INFO  utilities.GenericMethods -The element at loction: By.xpath: //a[@class='btn btn--block btn--google'] is displayed
17:06:08.493 INFO  utilities.GenericMethods -THe text at locator: By.xpath: //a[@class='btn btn--block btn--google'] is Sign in with Google
17:06:08.588 INFO  utilities.GenericMethods -The text: Sign in with Google displayed is correct
17:06:08.703 INFO  utilities.GenericMethods -The element at loction: By.xpath: //a[@data-dojo-attach-event='onclick: _skipOAuth'] is displayed
17:06:08.975 INFO  utilities.GenericMethods -THe text at locator: By.xpath: //a[@data-dojo-attach-event='onclick: _skipOAuth'] is Skip this step
17:06:09.093 INFO  utilities.GenericMethods -The text: Skip this step displayed is correct
17:06:09.356 INFO  utilities.GenericMethods -The element at loction: By.xpath: //div[@id='uniqName_17_0']//h5 is displayed
17:06:09.635 INFO  utilities.GenericMethods -THe text at locator: By.xpath: //div[@id='uniqName_17_0']//h5 is Connect with your Google account
directitester002@directi.com
17:06:09.827 ERROR utilities.GenericMethods -The text: Connect with your Google account
directitester002@directi.com displayed is not correct
17:06:10.056 INFO  utilities.GenericMethods -The element at loction: By.xpath: //div[@class='google-auth-blurb'] is displayed
17:06:10.342 INFO  utilities.GenericMethods -THe text at locator: By.xpath: //div[@class='google-auth-blurb'] is Why sign in with Google?
100% secure, easy and quick sign up
Discover and add your colleagues
17:06:10.519 ERROR utilities.GenericMethods -The text: Why sign in with Google?
100% secure, easy and quick sign up
Discover and add your colleagues displayed is not correct
17:06:10.524 INFO  utilities.GenericMethods -Waiting for a max: 2 sec for the element to be clickable
17:06:11.192 INFO  utilities.GenericMethods -Element clicked on the webpage
17:06:11.219 INFO  utilities.GenericMethods -Implicitly waiting for 10secs
17:06:11.219 INFO  utilities.GenericMethods -Waiting for a max: 10 sec for the element to appear
17:06:11.441 INFO  utilities.GenericMethods -The Element that you waited for is now displayed on the webpage
17:06:11.687 INFO  utilities.GenericMethods -The element at loction: By.xpath: //div[@id='uniqName_16_0']//h2 is displayed
17:06:11.940 INFO  utilities.GenericMethods -THe text at locator: By.xpath: //div[@id='uniqName_16_0']//h2 is Please verify your email
17:06:12.188 INFO  utilities.GenericMethods -The text: Please verify your email displayed is correct
17:06:12.443 INFO  utilities.GenericMethods -The element at loction: By.xpath: //div[@id='uniqName_16_0']//h5 is displayed
17:06:12.654 INFO  utilities.GenericMethods -THe text at locator: By.xpath: //div[@id='uniqName_16_0']//h5 is We've sent you a six digit verification PIN at
"directitester002@directi.com" Edit
17:06:13.021 ERROR utilities.GenericMethods -The text: We've sent you a six digit verification PIN at
"directitester002@directi.com" Edit displayed is not correct
17:06:13.144 INFO  utilities.GenericMethods -The element at loction: By.xpath: //input[@class='input'] is displayed
17:06:13.287 INFO  utilities.GenericMethods -THe text at locator: By.xpath: //input[@class='input'] is 
17:06:13.488 INFO  utilities.GenericMethods -The text:  displayed is correct
17:06:13.614 INFO  utilities.GenericMethods -The element at loction: By.xpath: //div[@id='uniqName_16_0']//div[2]/span is displayed
17:06:13.773 INFO  utilities.GenericMethods -THe text at locator: By.xpath: //div[@id='uniqName_16_0']//div[2]/span is Didn't receive the pin?
17:06:13.866 INFO  utilities.GenericMethods -The text: Didn't receive the pin? displayed is correct
17:06:14.052 INFO  utilities.GenericMethods -The element at loction: By.xpath: //a[@data-dojo-attach-event='onclick: _resend'] is displayed
17:06:14.157 INFO  utilities.GenericMethods -THe text at locator: By.xpath: //a[@data-dojo-attach-event='onclick: _resend'] is Resend PIN
17:06:14.268 INFO  utilities.GenericMethods -The text: Resend PIN displayed is correct
17:06:14.270 INFO  utilities.GenericMethods -Waiting for a max: 2 sec for the element to be clickable
17:06:14.833 INFO  utilities.GenericMethods -Element clicked on the webpage
17:06:14.923 INFO  utilities.GenericMethods -The element at loction: By.xpath: //div[@class='resend-status'] is displayed
17:06:15.069 INFO  utilities.GenericMethods -THe text at locator: By.xpath: //div[@class='resend-status'] is 
17:06:15.234 INFO  utilities.GenericMethods -The text: PIN sent successfully displayed is correct
17:06:15.390 INFO  utilities.GenericMethods -The element at loction: By.xpath: //a[@data-dojo-attach-point='backLink'] is displayed
17:06:15.466 INFO  utilities.GenericMethods -THe text at locator: By.xpath: //a[@data-dojo-attach-point='backLink'] is Edit
17:06:15.535 INFO  utilities.GenericMethods -The text: Edit displayed is correct
17:06:15.535 INFO  utilities.GenericMethods -Waiting for a max: 1 sec for the element to be clickable
17:06:16.024 INFO  utilities.GenericMethods -Element clicked on the webpage
17:06:18.027 INFO  utilities.GenericMethods -Waiting for a max: 1 sec for the element to be clickable
17:06:18.651 INFO  utilities.GenericMethods -Element clicked on the webpage
17:06:21.651 INFO  utilities.GenericMethods -Waiting for a max: 1 sec for the element to be clickable
17:06:22.037 INFO  utilities.GenericMethods -Element clicked on the webpage
17:06:22.099 INFO  utilities.GenericMethods -The element at loction: By.xpath: //a[@class='btn btn--action btn--block'] is displayed
17:06:22.218 INFO  utilities.GenericMethods -THe text at locator: By.xpath: //a[@class='btn btn--action btn--block'] is Verify
17:06:22.303 INFO  utilities.GenericMethods -The text: Verify displayed is correct
17:06:22.306 INFO  utilities.GenericMethods -Waiting for a max: 1 sec for the element to be send key
17:06:22.592 INFO  utilities.GenericMethods -Value Entered in the place holder
17:06:24.593 INFO  utilities.GenericMethods -Waiting for a max: 1 sec for the element to be clickable
17:06:25.035 INFO  utilities.GenericMethods -Element clicked on the webpage
17:06:25.155 INFO  utilities.GenericMethods -The element: By.xpath: //div[@class='errorMessage'] is displayed.
17:06:25.281 INFO  utilities.GenericMethods -THe text at locator: By.xpath: //div[@class='errorMessage'] is Enter verification PIN
17:06:25.427 INFO  utilities.GenericMethods -The field is cleared
17:06:25.429 INFO  utilities.GenericMethods -Waiting for a max: 1 sec for the element to be send key
17:06:25.788 INFO  utilities.GenericMethods -Value Entered in the place holder
17:06:27.789 INFO  utilities.GenericMethods -Waiting for a max: 1 sec for the element to be clickable
17:06:27.997 INFO  utilities.GenericMethods -Element clicked on the webpage
17:06:28.031 INFO  utilities.GenericMethods -The element: By.xpath: //div[@class='errorMessage'] is displayed.
17:06:28.068 INFO  utilities.GenericMethods -THe text at locator: By.xpath: //div[@class='errorMessage'] is Enter verification PIN
17:06:28.117 INFO  utilities.GenericMethods -The field is cleared
17:06:28.119 INFO  utilities.GenericMethods -Waiting for a max: 1 sec for the element to be send key
17:06:28.338 INFO  utilities.GenericMethods -Value Entered in the place holder
17:06:30.340 INFO  utilities.GenericMethods -Waiting for a max: 1 sec for the element to be clickable
17:06:30.529 INFO  utilities.GenericMethods -Element clicked on the webpage
17:06:30.588 ERROR utilities.GenericMethods -The element: By.xpath: //div[@class='errorMessage'] is NOT displayed.
17:06:30.670 INFO  utilities.GenericMethods -THe text at locator: By.xpath: //div[@class='errorMessage'] is 
17:06:30.789 INFO  utilities.GenericMethods -The field is cleared
17:06:30.794 INFO  utilities.GenericMethods -Waiting for a max: 1 sec for the element to be send key
17:06:31.052 INFO  utilities.GenericMethods -Value Entered in the place holder
17:06:31.052 INFO  utilities.GenericMethods -Waiting for a max: 1 sec for the element to be clickable
17:06:31.263 INFO  utilities.GenericMethods -Element clicked on the webpage
17:06:33.346 INFO  utilities.GenericMethods -The element: By.xpath: //span[@class='errorMessage'] is displayed.
17:06:33.429 INFO  utilities.GenericMethods -THe text at locator: By.xpath: //span[@class='errorMessage'] is Authentication Failed. Please check the pin.
17:06:33.487 INFO  utilities.GenericMethods -The field is cleared
17:06:33.490 INFO  utilities.GenericMethods -Waiting for a max: 1 sec for the element to be send key
17:06:33.688 INFO  utilities.GenericMethods -Value Entered in the place holder
17:06:33.688 INFO  utilities.GenericMethods -Waiting for a max: 1 sec for the element to be clickable
17:06:33.854 INFO  utilities.GenericMethods -Element clicked on the webpage
17:13:01.948 INFO  utilities.GenericMethods -Waiting for a max: 1 sec for the element to be send key
17:13:01.948 INFO  utilities.GenericMethods -The title of the Page is: Flock
17:13:01.993 ERROR utilities.GenericMethods -Element not displayed on the webpage
17:13:01.993 INFO  utilities.GenericMethods -Waiting for a max: 1 sec for the element to be clickable
17:13:01.993 ERROR utilities.GenericMethods -Element not clicked on the webpage
17:13:01.998 INFO  utilities.GenericMethods -Waiting for a max: 1 sec for the element to be send key
17:13:01.998 ERROR utilities.GenericMethods -Element not displayed on the webpage
17:13:01.998 INFO  utilities.GenericMethods -Waiting for a max: 1 sec for the element to be clickable
17:13:01.998 ERROR utilities.GenericMethods -Element not clicked on the webpage
17:13:02.009 INFO  utilities.GenericMethods -Waiting for a max: 1 sec for the element to be send key
17:13:02.009 ERROR utilities.GenericMethods -Element not displayed on the webpage
17:13:02.009 INFO  utilities.GenericMethods -Waiting for a max: 1 sec for the element to be clickable
17:13:02.009 ERROR utilities.GenericMethods -Element not clicked on the webpage
17:13:02.014 INFO  utilities.GenericMethods -Waiting for a max: 1 sec for the element to be send key
17:13:02.014 ERROR utilities.GenericMethods -Element not displayed on the webpage
17:13:02.014 INFO  utilities.GenericMethods -Waiting for a max: 1 sec for the element to be clickable
17:13:02.014 ERROR utilities.GenericMethods -Element not clicked on the webpage
17:13:02.104 INFO  utilities.GenericMethods -Waiting for a max: 2 sec for the element to be clickable
17:13:02.104 ERROR utilities.GenericMethods -Element not clicked on the webpage
17:13:02.149 INFO  utilities.GenericMethods -The Title is Correct
17:13:02.153 INFO  utilities.GenericMethods -Waiting for a max: 2 sec for the element to be clickable
17:13:02.153 ERROR utilities.GenericMethods -Element not clicked on the webpage
17:13:02.165 INFO  utilities.GenericMethods -Waiting for a max: 1 sec for the element to be send key
17:13:02.165 ERROR utilities.GenericMethods -Element not displayed on the webpage
17:13:02.824 INFO  utilities.GenericMethods -Implicitly waiting for 40secs
17:13:02.987 INFO  utilities.GenericMethods -Switched to iframe by int : 0
17:13:03.103 INFO  utilities.GenericMethods -The element at loction: By.xpath: //td[@class='dijitReset dijitStretch dijitButtonContents dijitButtonNode'] is displayed
17:13:03.216 INFO  utilities.GenericMethods -The element at loction: By.xpath: //td[@class='dijitReset dijitRight dijitButtonNode dijitArrowButton dijitDownArrowButton'] is displayed
17:13:03.314 INFO  utilities.GenericMethods -The element at loction: By.xpath: //span[@class='dijitReset dijitInline currentLanguage en-us'] is displayed
17:13:03.450 INFO  utilities.GenericMethods -THe text at locator: By.xpath: //span[@class='dijitReset dijitInline currentLanguage en-us'] is English-US
17:13:03.544 INFO  utilities.GenericMethods -The text: English-US displayed is correct
17:13:03.544 INFO  utilities.GenericMethods -Waiting for a max: 1 sec for the element to be clickable
17:13:04.194 INFO  utilities.GenericMethods -Waiting for a max: 1 sec for the element to be clickable
17:13:04.195 ERROR utilities.GenericMethods -Element not clicked on the webpage
17:13:04.212 INFO  utilities.GenericMethods -Waiting for a max: 1 sec for the element to be send key
17:13:04.212 ERROR utilities.GenericMethods -Element not displayed on the webpage
17:13:04.614 INFO  utilities.GenericMethods -Element clicked on the webpage
17:13:04.956 INFO  utilities.GenericMethods -The option in the drop down is: English-US (English-US)
17:13:05.077 INFO  utilities.GenericMethods -The option in the drop down is: English-UK (English-UK)
17:13:05.263 INFO  utilities.GenericMethods -The option in the drop down is: Español (Spanish)
17:13:05.465 INFO  utilities.GenericMethods -The option in the drop down is: Español México (Spanish-MX)
17:13:05.599 INFO  utilities.GenericMethods -The option in the drop down is: ??????? (Russian)
17:13:05.716 INFO  utilities.GenericMethods -The option in the drop down is: Português Brasileiro (Brazilian Portuguese)
17:13:05.716 INFO  utilities.GenericMethods -Waiting for a max: 1 sec for the element to be clickable
17:13:06.219 INFO  utilities.GenericMethods -Waiting for a max: 1 sec for the element to be clickable
17:13:06.220 ERROR utilities.GenericMethods -Element not clicked on the webpage
17:13:06.229 INFO  utilities.GenericMethods -Waiting for a max: 1 sec for the element to be send key
17:13:06.230 ERROR utilities.GenericMethods -Element not displayed on the webpage
17:13:06.443 INFO  utilities.GenericMethods -Element clicked on the webpage
17:13:08.234 INFO  utilities.GenericMethods -Waiting for a max: 1 sec for the element to be clickable
17:13:08.235 ERROR utilities.GenericMethods -Element not clicked on the webpage
17:13:08.245 INFO  utilities.GenericMethods -Waiting for a max: 1 sec for the element to be send key
17:13:08.248 ERROR utilities.GenericMethods -Element not displayed on the webpage
17:13:08.248 INFO  utilities.GenericMethods -Waiting for a max: 1 sec for the element to be clickable
17:13:08.250 ERROR utilities.GenericMethods -Element not clicked on the webpage
17:13:10.267 INFO  utilities.GenericMethods -Waiting for a max: 1 sec for the element to be send key
17:13:10.267 ERROR utilities.GenericMethods -Element not displayed on the webpage
17:13:10.267 INFO  utilities.GenericMethods -Waiting for a max: 1 sec for the element to be clickable
17:13:10.268 ERROR utilities.GenericMethods -Element not clicked on the webpage
17:13:13.327 INFO  utilities.GenericMethods -Implicitly waiting for 80secs
17:13:13.447 INFO  utilities.GenericMethods -Switched to iframe by int : 0
17:13:13.447 INFO  utilities.GenericMethods -Waiting for a max: 10 sec for the element to appear
17:13:13.599 INFO  utilities.GenericMethods -The Element that you waited for is now displayed on the webpage
17:13:13.698 INFO  utilities.GenericMethods -The element at loction: By.xpath: //div[@id='uniqName_15_0']//h2 is displayed
17:13:13.820 INFO  utilities.GenericMethods -THe text at locator: By.xpath: //div[@id='uniqName_15_0']//h2 is Get started with Flock
17:13:13.933 INFO  utilities.GenericMethods -The text: Get started with Flock displayed is correct
17:13:14.669 INFO  utilities.GenericMethods -The element at loction: By.xpath: //span[@class='feedbackLinkSpan'] is displayed
17:13:14.935 INFO  utilities.GenericMethods -THe text at locator: By.xpath: //span[@class='feedbackLinkSpan'] is Contact Support
17:13:15.130 INFO  utilities.GenericMethods -The text: Contact Support displayed is correct
17:13:15.130 INFO  utilities.GenericMethods -Waiting for a max: 2 sec for the element to be clickable
17:13:15.929 INFO  utilities.GenericMethods -Element clicked on the webpage
17:13:16.250 INFO  utilities.GenericMethods -The element at loction: By.xpath: //div[@class='title'] is displayed
17:13:16.644 INFO  utilities.GenericMethods -THe text at locator: By.xpath: //div[@class='title'] is How can we help you today?
17:13:16.950 INFO  utilities.GenericMethods -The text: How can we help you today? displayed is correct
17:13:17.159 INFO  utilities.GenericMethods -The element at loction: By.xpath: //div[@id='widgets_Dialog_0']//div[2]/div[2]/div[1]/label is displayed
17:13:17.395 INFO  utilities.GenericMethods -THe text at locator: By.xpath: //div[@id='widgets_Dialog_0']//div[2]/div[2]/div[1]/label is Email
17:13:17.588 INFO  utilities.GenericMethods -The text: Email displayed is correct
17:13:17.831 INFO  utilities.GenericMethods -The element at loction: By.xpath: //div[@id='widgets_Dialog_0']//div[2]/div[2]/div[2]/label is displayed
17:13:18.030 INFO  utilities.GenericMethods -THe text at locator: By.xpath: //div[@id='widgets_Dialog_0']//div[2]/div[2]/div[2]/label is Name
17:13:18.203 INFO  utilities.GenericMethods -The text: Name displayed is correct
17:13:18.417 INFO  utilities.GenericMethods -The element at loction: By.xpath: //input[@placeholder='example@domain.com'] is displayed
17:13:18.613 INFO  utilities.GenericMethods -THe text at locator: By.xpath: //input[@placeholder='example@domain.com'] is 
17:13:18.825 INFO  utilities.GenericMethods -The text:  displayed is correct
17:13:18.825 INFO  utilities.GenericMethods -Waiting for a max: 2 sec for the element to be send key
17:13:20.000 INFO  utilities.GenericMethods -Value Entered in the place holder
17:13:20.147 INFO  utilities.GenericMethods -The element at loction: By.xpath: //input[@placeholder='Enter your name'] is displayed
17:13:20.459 INFO  utilities.GenericMethods -THe text at locator: By.xpath: //input[@placeholder='Enter your name'] is 
17:13:20.748 INFO  utilities.GenericMethods -The text:  displayed is correct
17:13:20.748 INFO  utilities.GenericMethods -Waiting for a max: 2 sec for the element to be send key
17:13:21.719 INFO  utilities.GenericMethods -Value Entered in the place holder
17:13:21.813 INFO  utilities.GenericMethods -Size of the list: 5
17:13:22.064 INFO  utilities.GenericMethods -The element at loction: By.xpath: //div[@id='widgets_Dialog_0']//input[@type='radio'] is displayed
17:13:22.215 INFO  utilities.GenericMethods -THe text at locator: By.xpath: //div[@id='widgets_Dialog_0']//input[@type='radio'] is 
17:13:22.262 INFO  utilities.GenericMethods -The text:  displayed is correct
17:13:24.647 INFO  utilities.GenericMethods -The element at loction: By.xpath: //div[@id='widgets_Dialog_0']//input[@type='radio'] is displayed
17:13:24.714 INFO  utilities.GenericMethods -THe text at locator: By.xpath: //div[@id='widgets_Dialog_0']//input[@type='radio'] is 
17:13:24.763 INFO  utilities.GenericMethods -The text:  displayed is correct
17:13:25.151 INFO  utilities.GenericMethods -The element at loction: By.xpath: //div[@id='widgets_Dialog_0']//input[@type='radio'] is displayed
17:13:25.217 INFO  utilities.GenericMethods -THe text at locator: By.xpath: //div[@id='widgets_Dialog_0']//input[@type='radio'] is 
17:13:25.254 INFO  utilities.GenericMethods -The text:  displayed is correct
17:13:25.774 INFO  utilities.GenericMethods -The element at loction: By.xpath: //div[@id='widgets_Dialog_0']//input[@type='radio'] is displayed
17:13:25.872 INFO  utilities.GenericMethods -THe text at locator: By.xpath: //div[@id='widgets_Dialog_0']//input[@type='radio'] is 
17:13:25.964 INFO  utilities.GenericMethods -The text:  displayed is correct
17:13:26.516 INFO  utilities.GenericMethods -The element at loction: By.xpath: //div[@id='widgets_Dialog_0']//input[@type='radio'] is displayed
17:13:26.691 INFO  utilities.GenericMethods -THe text at locator: By.xpath: //div[@id='widgets_Dialog_0']//input[@type='radio'] is 
17:13:26.732 INFO  utilities.GenericMethods -The text:  displayed is correct
17:13:26.919 INFO  utilities.GenericMethods -The element at loction: By.xpath: //textarea[@class='input'] is displayed
17:13:27.127 INFO  utilities.GenericMethods -THe text at locator: By.xpath: //textarea[@class='input'] is 
17:13:27.355 INFO  utilities.GenericMethods -The text:  displayed is correct
17:13:27.356 INFO  utilities.GenericMethods -Waiting for a max: 2 sec for the element to be send key
17:13:28.395 INFO  utilities.GenericMethods -Value Entered in the place holder
17:13:28.529 INFO  utilities.GenericMethods -The element at loction: By.xpath: //span[@class='attachFileLogo'] is displayed
17:13:28.718 INFO  utilities.GenericMethods -The element at loction: By.xpath: //span[@class='uploadMessage'] is displayed
17:13:28.951 INFO  utilities.GenericMethods -THe text at locator: By.xpath: //span[@class='uploadMessage'] is Log file attached
17:13:29.134 INFO  utilities.GenericMethods -The text: Log file attached displayed is correct
17:13:29.374 INFO  utilities.GenericMethods -The field is cleared
17:13:29.552 INFO  utilities.GenericMethods -The field is cleared
17:13:29.732 INFO  utilities.GenericMethods -The field is cleared
17:13:29.931 INFO  utilities.GenericMethods -The element at loction: By.xpath: //button[@class='btn btn--action btn--reportBug'] is displayed
17:13:30.132 INFO  utilities.GenericMethods -THe text at locator: By.xpath: //button[@class='btn btn--action btn--reportBug'] is Send Request
17:13:30.280 INFO  utilities.GenericMethods -The text: Send Request displayed is correct
17:13:30.280 INFO  utilities.GenericMethods -Waiting for a max: 2 sec for the element to be clickable
17:13:31.115 INFO  utilities.GenericMethods -Element clicked on the webpage
17:13:34.262 INFO  utilities.GenericMethods -The element at loction: By.xpath: //div[@data-dojo-attach-point='_enteredEmailError'] is displayed
17:13:34.446 INFO  utilities.GenericMethods -THe text at locator: By.xpath: //div[@data-dojo-attach-point='_enteredEmailError'] is Please enter your email address
17:13:34.648 INFO  utilities.GenericMethods -The text: Please enter your email address displayed is correct
17:13:34.849 INFO  utilities.GenericMethods -The element at loction: By.xpath: //div[@data-dojo-attach-point='_descriptionError'] is displayed
17:13:35.056 INFO  utilities.GenericMethods -THe text at locator: By.xpath: //div[@data-dojo-attach-point='_descriptionError'] is Please describe your issue
17:13:35.352 INFO  utilities.GenericMethods -The text: Please describe your issue displayed is correct
17:13:35.607 INFO  utilities.GenericMethods -The element at loction: By.xpath: //button[@class='btn btn--action btn--cancel btn--reportBug'] is displayed
17:13:35.826 INFO  utilities.GenericMethods -THe text at locator: By.xpath: //button[@class='btn btn--action btn--cancel btn--reportBug'] is Cancel
17:13:36.168 INFO  utilities.GenericMethods -The text: Cancel displayed is correct
17:13:36.169 INFO  utilities.GenericMethods -Waiting for a max: 2 sec for the element to be clickable
17:13:37.033 INFO  utilities.GenericMethods -Element clicked on the webpage
17:13:37.765 INFO  utilities.GenericMethods -The element at loction: By.xpath: //div[@id='uniqName_15_0']//h5 is displayed
17:13:37.893 INFO  utilities.GenericMethods -THe text at locator: By.xpath: //div[@id='uniqName_15_0']//h5 is Enter your official email address to continue
17:13:38.039 INFO  utilities.GenericMethods -The text: Enter your official email address to continue displayed is correct
17:13:38.448 INFO  utilities.GenericMethods -The element at loction: By.xpath: //input[@class='input'] is displayed
17:13:38.581 INFO  utilities.GenericMethods -THe text at locator: By.xpath: //input[@class='input'] is 
17:13:38.761 INFO  utilities.GenericMethods -The text:  displayed is correct
17:13:39.267 INFO  utilities.GenericMethods -The element at loction: By.xpath: //a[@class='btn btn--action btn--block'] is displayed
17:13:39.441 INFO  utilities.GenericMethods -THe text at locator: By.xpath: //a[@class='btn btn--action btn--block'] is Login or Create a Team
17:13:39.612 INFO  utilities.GenericMethods -The text: Login or Create a Team displayed is correct
17:13:39.985 INFO  utilities.GenericMethods -The element at loction: By.xpath: //div[@class='onboarding-sidebar'] is displayed
17:13:40.228 INFO  utilities.GenericMethods -Waiting for a max: 1 sec for the element to be send key
17:13:40.561 INFO  utilities.GenericMethods -Value Entered in the place holder
17:13:40.561 INFO  utilities.GenericMethods -Waiting for a max: 1 sec for the element to be clickable
17:13:41.291 INFO  utilities.GenericMethods -Element clicked on the webpage
17:13:41.533 INFO  utilities.GenericMethods -The element: By.xpath: //div[@class='errorMessage'] is displayed.
17:13:41.714 INFO  utilities.GenericMethods -THe text at locator: By.xpath: //div[@class='errorMessage'] is Enter a valid email address
17:13:41.861 INFO  utilities.GenericMethods -The field is cleared
17:13:42.094 INFO  utilities.GenericMethods -Waiting for a max: 1 sec for the element to be send key
17:13:42.389 INFO  utilities.GenericMethods -Value Entered in the place holder
17:13:42.389 INFO  utilities.GenericMethods -Waiting for a max: 1 sec for the element to be clickable
17:13:42.845 INFO  utilities.GenericMethods -Element clicked on the webpage
17:13:42.931 INFO  utilities.GenericMethods -The element: By.xpath: //div[@class='errorMessage'] is displayed.
17:13:42.997 INFO  utilities.GenericMethods -THe text at locator: By.xpath: //div[@class='errorMessage'] is Enter a valid email address
17:13:43.075 INFO  utilities.GenericMethods -The field is cleared
17:13:43.464 INFO  utilities.GenericMethods -Waiting for a max: 1 sec for the element to be send key
17:13:43.992 INFO  utilities.GenericMethods -Value Entered in the place holder
17:13:43.992 INFO  utilities.GenericMethods -Waiting for a max: 1 sec for the element to be clickable
17:13:44.333 INFO  utilities.GenericMethods -Element clicked on the webpage
17:13:44.397 INFO  utilities.GenericMethods -The element: By.xpath: //div[@class='errorMessage'] is displayed.
17:13:44.449 INFO  utilities.GenericMethods -THe text at locator: By.xpath: //div[@class='errorMessage'] is Enter a valid email address
17:13:44.623 INFO  utilities.GenericMethods -The field is cleared
17:13:44.977 INFO  utilities.GenericMethods -Waiting for a max: 1 sec for the element to be send key
17:13:45.505 INFO  utilities.GenericMethods -Value Entered in the place holder
17:13:45.505 INFO  utilities.GenericMethods -Waiting for a max: 1 sec for the element to be clickable
17:13:45.761 INFO  utilities.GenericMethods -Element clicked on the webpage
17:13:46.114 INFO  utilities.GenericMethods -Implicitly waiting for 10secs
17:13:46.114 INFO  utilities.GenericMethods -Waiting for a max: 10 sec for the element to appear
17:13:47.014 INFO  utilities.GenericMethods -The Element that you waited for is now displayed on the webpage
17:13:47.149 INFO  utilities.GenericMethods -The element at loction: By.xpath: //div[@id='uniqName_17_0']//h2 is displayed
17:13:47.349 INFO  utilities.GenericMethods -THe text at locator: By.xpath: //div[@id='uniqName_17_0']//h2 is directi.com uses
Google apps
17:13:47.493 ERROR utilities.GenericMethods -The text: directi.com uses
Google apps displayed is not correct
17:13:47.929 INFO  utilities.GenericMethods -The element at loction: By.xpath: //a[@class='btn btn--block btn--google'] is displayed
17:13:48.101 INFO  utilities.GenericMethods -THe text at locator: By.xpath: //a[@class='btn btn--block btn--google'] is Sign in with Google
17:13:48.229 INFO  utilities.GenericMethods -The text: Sign in with Google displayed is correct
17:13:48.647 INFO  utilities.GenericMethods -The element at loction: By.xpath: //a[@data-dojo-attach-event='onclick: _skipOAuth'] is displayed
17:13:48.774 INFO  utilities.GenericMethods -THe text at locator: By.xpath: //a[@data-dojo-attach-event='onclick: _skipOAuth'] is Skip this step
17:13:48.959 INFO  utilities.GenericMethods -The text: Skip this step displayed is correct
17:13:49.389 INFO  utilities.GenericMethods -The element at loction: By.xpath: //div[@id='uniqName_17_0']//h5 is displayed
17:13:49.492 INFO  utilities.GenericMethods -THe text at locator: By.xpath: //div[@id='uniqName_17_0']//h5 is Connect with your Google account
directitester002@directi.com
17:13:49.622 ERROR utilities.GenericMethods -The text: Connect with your Google account
directitester002@directi.com displayed is not correct
17:13:50.065 INFO  utilities.GenericMethods -The element at loction: By.xpath: //div[@class='google-auth-blurb'] is displayed
17:13:50.242 INFO  utilities.GenericMethods -THe text at locator: By.xpath: //div[@class='google-auth-blurb'] is Why sign in with Google?
100% secure, easy and quick sign up
Discover and add your colleagues
17:13:50.407 ERROR utilities.GenericMethods -The text: Why sign in with Google?
100% secure, easy and quick sign up
Discover and add your colleagues displayed is not correct
17:13:50.649 INFO  utilities.GenericMethods -Waiting for a max: 2 sec for the element to be clickable
17:13:51.291 INFO  utilities.GenericMethods -Element clicked on the webpage
17:13:51.729 INFO  utilities.GenericMethods -Implicitly waiting for 10secs
17:13:51.730 INFO  utilities.GenericMethods -Waiting for a max: 10 sec for the element to appear
17:13:51.912 INFO  utilities.GenericMethods -The Element that you waited for is now displayed on the webpage
17:13:52.105 INFO  utilities.GenericMethods -The element at loction: By.xpath: //div[@id='uniqName_16_0']//h2 is displayed
17:13:52.250 INFO  utilities.GenericMethods -THe text at locator: By.xpath: //div[@id='uniqName_16_0']//h2 is Please verify your email
17:13:52.351 INFO  utilities.GenericMethods -The text: Please verify your email displayed is correct
17:13:52.688 INFO  utilities.GenericMethods -The element at loction: By.xpath: //div[@id='uniqName_16_0']//h5 is displayed
17:13:52.890 INFO  utilities.GenericMethods -THe text at locator: By.xpath: //div[@id='uniqName_16_0']//h5 is We've sent you a six digit verification PIN at
"directitester002@directi.com" Edit
17:13:53.010 ERROR utilities.GenericMethods -The text: We've sent you a six digit verification PIN at
"directitester002@directi.com" Edit displayed is not correct
17:13:53.383 INFO  utilities.GenericMethods -The element at loction: By.xpath: //input[@class='input'] is displayed
17:13:53.574 INFO  utilities.GenericMethods -THe text at locator: By.xpath: //input[@class='input'] is 
17:13:53.723 INFO  utilities.GenericMethods -The text:  displayed is correct
17:13:54.076 INFO  utilities.GenericMethods -The element at loction: By.xpath: //div[@id='uniqName_16_0']//div[2]/span is displayed
17:13:54.215 INFO  utilities.GenericMethods -THe text at locator: By.xpath: //div[@id='uniqName_16_0']//div[2]/span is Didn't receive the pin?
17:13:54.392 INFO  utilities.GenericMethods -The text: Didn't receive the pin? displayed is correct
17:13:54.731 INFO  utilities.GenericMethods -The element at loction: By.xpath: //a[@data-dojo-attach-event='onclick: _resend'] is displayed
17:13:54.883 INFO  utilities.GenericMethods -THe text at locator: By.xpath: //a[@data-dojo-attach-event='onclick: _resend'] is Resend PIN
17:13:55.049 INFO  utilities.GenericMethods -The text: Resend PIN displayed is correct
17:13:55.380 INFO  utilities.GenericMethods -Waiting for a max: 2 sec for the element to be clickable
17:13:55.865 INFO  utilities.GenericMethods -Element clicked on the webpage
17:13:55.947 INFO  utilities.GenericMethods -The element at loction: By.xpath: //div[@class='resend-status'] is displayed
17:13:56.108 INFO  utilities.GenericMethods -THe text at locator: By.xpath: //div[@class='resend-status'] is 
17:13:56.233 INFO  utilities.GenericMethods -The text: PIN sent successfully displayed is correct
17:13:56.677 INFO  utilities.GenericMethods -The element at loction: By.xpath: //a[@data-dojo-attach-point='backLink'] is displayed
17:13:56.894 INFO  utilities.GenericMethods -THe text at locator: By.xpath: //a[@data-dojo-attach-point='backLink'] is Edit
17:13:57.080 INFO  utilities.GenericMethods -The text: Edit displayed is correct
17:13:57.080 INFO  utilities.GenericMethods -Waiting for a max: 1 sec for the element to be clickable
17:13:57.668 INFO  utilities.GenericMethods -Element clicked on the webpage
17:13:59.668 INFO  utilities.GenericMethods -Waiting for a max: 1 sec for the element to be clickable
17:14:00.248 INFO  utilities.GenericMethods -Element clicked on the webpage
17:14:03.249 INFO  utilities.GenericMethods -Waiting for a max: 1 sec for the element to be clickable
17:14:03.674 INFO  utilities.GenericMethods -Element clicked on the webpage
17:14:04.065 INFO  utilities.GenericMethods -The element at loction: By.xpath: //a[@class='btn btn--action btn--block'] is displayed
17:14:04.197 INFO  utilities.GenericMethods -THe text at locator: By.xpath: //a[@class='btn btn--action btn--block'] is Verify
17:14:04.296 INFO  utilities.GenericMethods -The text: Verify displayed is correct
17:14:04.546 INFO  utilities.GenericMethods -Waiting for a max: 1 sec for the element to be send key
17:14:05.102 INFO  utilities.GenericMethods -Value Entered in the place holder
17:14:07.103 INFO  utilities.GenericMethods -Waiting for a max: 1 sec for the element to be clickable
17:14:07.735 INFO  utilities.GenericMethods -Element clicked on the webpage
17:14:08.003 INFO  utilities.GenericMethods -The element: By.xpath: //div[@class='errorMessage'] is displayed.
17:14:08.228 INFO  utilities.GenericMethods -THe text at locator: By.xpath: //div[@class='errorMessage'] is Enter verification PIN
17:14:08.528 INFO  utilities.GenericMethods -The field is cleared
17:14:08.780 INFO  utilities.GenericMethods -Waiting for a max: 1 sec for the element to be send key
17:14:09.176 INFO  utilities.GenericMethods -Value Entered in the place holder
17:14:11.176 INFO  utilities.GenericMethods -Waiting for a max: 1 sec for the element to be clickable
17:14:11.473 INFO  utilities.GenericMethods -Element clicked on the webpage
17:14:11.577 INFO  utilities.GenericMethods -The element: By.xpath: //div[@class='errorMessage'] is displayed.
17:14:11.689 INFO  utilities.GenericMethods -THe text at locator: By.xpath: //div[@class='errorMessage'] is Enter verification PIN
17:14:11.864 INFO  utilities.GenericMethods -The field is cleared
17:14:12.120 INFO  utilities.GenericMethods -Waiting for a max: 1 sec for the element to be send key
17:14:12.381 INFO  utilities.GenericMethods -Value Entered in the place holder
17:14:14.381 INFO  utilities.GenericMethods -Waiting for a max: 1 sec for the element to be clickable
17:14:14.620 INFO  utilities.GenericMethods -Element clicked on the webpage
17:14:14.745 ERROR utilities.GenericMethods -The element: By.xpath: //div[@class='errorMessage'] is NOT displayed.
17:14:14.931 INFO  utilities.GenericMethods -THe text at locator: By.xpath: //div[@class='errorMessage'] is 
17:14:15.146 INFO  utilities.GenericMethods -The field is cleared
17:14:15.568 INFO  utilities.GenericMethods -Waiting for a max: 1 sec for the element to be send key
17:14:15.860 INFO  utilities.GenericMethods -Value Entered in the place holder
17:14:15.860 INFO  utilities.GenericMethods -Waiting for a max: 1 sec for the element to be clickable
17:14:16.144 INFO  utilities.GenericMethods -Element clicked on the webpage
17:14:18.255 INFO  utilities.GenericMethods -The element: By.xpath: //span[@class='errorMessage'] is displayed.
17:14:18.380 INFO  utilities.GenericMethods -THe text at locator: By.xpath: //span[@class='errorMessage'] is Authentication Failed. Please check the pin.
17:14:18.525 INFO  utilities.GenericMethods -The field is cleared
17:14:18.778 INFO  utilities.GenericMethods -Waiting for a max: 1 sec for the element to be send key
17:14:18.942 INFO  utilities.GenericMethods -Value Entered in the place holder
17:14:18.943 INFO  utilities.GenericMethods -Waiting for a max: 1 sec for the element to be clickable
17:14:19.177 INFO  utilities.GenericMethods -Element clicked on the webpage
