17:59:35.920 INFO  SignIn.GenericMethods -The element at loction: By.xpath: //div[@class='resend-status'] is displayed
17:59:35.975 INFO  SignIn.GenericMethods -THe text at locator: By.xpath: //div[@class='resend-status'] is 
17:59:36.012 INFO  SignIn.GenericMethods -The text:  displayed is correct
17:59:36.041 INFO  SignIn.GenericMethods -The element at loction: By.xpath: //a[@class='btn btn--action btn--block'] is displayed
17:59:36.083 INFO  SignIn.GenericMethods -THe text at locator: By.xpath: //a[@class='btn btn--action btn--block'] is Verify
17:59:36.123 INFO  SignIn.GenericMethods -The text: Verify displayed is correct
17:59:36.126 INFO  SignIn.GenericMethods -Waiting for a max: 1 sec for the element to be send key
17:59:36.252 INFO  SignIn.GenericMethods -Value Entered in the place holder
17:59:38.256 INFO  SignIn.GenericMethods -Waiting for a max: 1 sec for the element to be clickable
17:59:38.500 INFO  SignIn.GenericMethods -Element clicked on the webpage
17:59:38.540 INFO  SignIn.GenericMethods -The element: By.xpath: //div[@class='errorMessage'] is displayed.
17:59:38.580 INFO  SignIn.GenericMethods -THe text at locator: By.xpath: //div[@class='errorMessage'] is Enter verification PIN
17:59:38.626 INFO  SignIn.GenericMethods -The field is cleared
17:59:38.630 INFO  SignIn.GenericMethods -Waiting for a max: 1 sec for the element to be send key
17:59:38.749 INFO  SignIn.GenericMethods -Value Entered in the place holder
17:59:40.750 INFO  SignIn.GenericMethods -Waiting for a max: 1 sec for the element to be clickable
17:59:40.936 INFO  SignIn.GenericMethods -Element clicked on the webpage
17:59:40.964 INFO  SignIn.GenericMethods -The element: By.xpath: //div[@class='errorMessage'] is displayed.
17:59:41.000 INFO  SignIn.GenericMethods -THe text at locator: By.xpath: //div[@class='errorMessage'] is Enter verification PIN
17:59:41.024 INFO  SignIn.GenericMethods -The field is cleared
17:59:41.028 INFO  SignIn.GenericMethods -Waiting for a max: 1 sec for the element to be send key
17:59:41.123 INFO  SignIn.GenericMethods -Value Entered in the place holder
17:59:43.124 INFO  SignIn.GenericMethods -Waiting for a max: 1 sec for the element to be clickable
17:59:43.289 INFO  SignIn.GenericMethods -Element clicked on the webpage
17:59:43.317 ERROR SignIn.GenericMethods -The element: By.xpath: //div[@class='errorMessage'] is NOT displayed.
17:59:43.353 INFO  SignIn.GenericMethods -THe text at locator: By.xpath: //div[@class='errorMessage'] is 
17:59:43.389 INFO  SignIn.GenericMethods -The field is cleared
17:59:43.393 INFO  SignIn.GenericMethods -Waiting for a max: 1 sec for the element to be send key
17:59:43.505 INFO  SignIn.GenericMethods -Value Entered in the place holder
17:59:43.505 INFO  SignIn.GenericMethods -Waiting for a max: 1 sec for the element to be clickable
17:59:43.891 INFO  SignIn.GenericMethods -Element clicked on the webpage
17:59:46.015 INFO  SignIn.GenericMethods -The element: By.xpath: //span[@class='errorMessage'] is displayed.
17:59:46.116 INFO  SignIn.GenericMethods -THe text at locator: By.xpath: //span[@class='errorMessage'] is Authentication Failed. Please check the pin.
17:59:46.162 INFO  SignIn.GenericMethods -The field is cleared
17:59:46.165 INFO  SignIn.GenericMethods -Waiting for a max: 1 sec for the element to be send key
17:59:46.293 INFO  SignIn.GenericMethods -Value Entered in the place holder
17:59:46.293 INFO  SignIn.GenericMethods -Waiting for a max: 1 sec for the element to be clickable
17:59:46.495 INFO  SignIn.GenericMethods -Element clicked on the webpage
